  main.cpp
c:\users\p0sixb1ackcat\documents\megasync\麦洛克菲系统高级班\mycode\myself\homework\myselfntmodel\loading\main.cpp(244): warning C4477: “printf”: 格式字符串“%ws”需要类型“wchar_t *”的参数，但可变参数 1 拥有了类型“CHAR *”
  c:\users\p0sixb1ackcat\documents\megasync\麦洛克菲系统高级班\mycode\myself\homework\myselfntmodel\loading\main.cpp(244): note: 请考虑在格式字符串中使用“%hs”
  c:\users\p0sixb1ackcat\documents\megasync\麦洛克菲系统高级班\mycode\myself\homework\myselfntmodel\loading\main.cpp(244): note: 请考虑在格式字符串中使用“%s”
  c:\users\p0sixb1ackcat\documents\megasync\麦洛克菲系统高级班\mycode\myself\homework\myselfntmodel\loading\main.cpp(244): note: 请考虑在格式字符串中使用“%Ts”
c:\users\p0sixb1ackcat\documents\megasync\麦洛克菲系统高级班\mycode\myself\homework\myselfntmodel\loading\main.cpp(246): warning C4996: 'getch': The POSIX name for this item is deprecated. Instead, use the ISO C and C++ conformant name: _getch. See online help for details.
  c:\program files (x86)\windows kits\10\include\10.0.10240.0\ucrt\conio.h(452): note: 参见“getch”的声明
c:\users\p0sixb1ackcat\documents\megasync\麦洛克菲系统高级班\mycode\myself\homework\myselfntmodel\loading\main.cpp(252): warning C4996: 'getch': The POSIX name for this item is deprecated. Instead, use the ISO C and C++ conformant name: _getch. See online help for details.
  c:\program files (x86)\windows kits\10\include\10.0.10240.0\ucrt\conio.h(452): note: 参见“getch”的声明
c:\users\p0sixb1ackcat\documents\megasync\麦洛克菲系统高级班\mycode\myself\homework\myselfntmodel\loading\main.cpp(260): warning C4996: 'getch': The POSIX name for this item is deprecated. Instead, use the ISO C and C++ conformant name: _getch. See online help for details.
  c:\program files (x86)\windows kits\10\include\10.0.10240.0\ucrt\conio.h(452): note: 参见“getch”的声明
c:\users\p0sixb1ackcat\documents\megasync\麦洛克菲系统高级班\mycode\myself\homework\myselfntmodel\loading\main.cpp(270): warning C4996: 'getch': The POSIX name for this item is deprecated. Instead, use the ISO C and C++ conformant name: _getch. See online help for details.
  c:\program files (x86)\windows kits\10\include\10.0.10240.0\ucrt\conio.h(452): note: 参见“getch”的声明
c:\users\p0sixb1ackcat\documents\megasync\麦洛克菲系统高级班\mycode\myself\homework\myselfntmodel\loading\main.cpp(280): warning C4996: 'getch': The POSIX name for this item is deprecated. Instead, use the ISO C and C++ conformant name: _getch. See online help for details.
  c:\program files (x86)\windows kits\10\include\10.0.10240.0\ucrt\conio.h(452): note: 参见“getch”的声明
c:\users\p0sixb1ackcat\documents\megasync\麦洛克菲系统高级班\mycode\myself\homework\myselfntmodel\loading\main.cpp(305): warning C4996: 'getch': The POSIX name for this item is deprecated. Instead, use the ISO C and C++ conformant name: _getch. See online help for details.
  c:\program files (x86)\windows kits\10\include\10.0.10240.0\ucrt\conio.h(452): note: 参见“getch”的声明
c:\users\p0sixb1ackcat\documents\megasync\麦洛克菲系统高级班\mycode\myself\homework\myselfntmodel\loading\main.cpp(311): warning C4996: 'getch': The POSIX name for this item is deprecated. Instead, use the ISO C and C++ conformant name: _getch. See online help for details.
  c:\program files (x86)\windows kits\10\include\10.0.10240.0\ucrt\conio.h(452): note: 参见“getch”的声明
  main.vcxproj -> C:\Users\p0sixB1ackCat\Documents\MEGAsync\麦洛克菲系统高级班\mycode\myself\homework\myselfNtModel\loading\.\Debug\main.exe
  main.vcxproj -> .\Debug/main.pdb (Full PDB)
