  Building 'DriverProject' with toolset 'WindowsKernelModeDriver10.0' and the 'Universal' target platform.
  Stamping Debug\DriverProject.inf [Version] section with DriverVer=11/21/2018,0.22.48.602
  sfilter.c
..\..\06-sfilter\Hips\Driver\sfilter.c(1445): error C2220: 警告被视为错误 - 没有生成“object”文件
..\..\06-sfilter\Hips\Driver\sfilter.c(1445): warning C4053: “?:”的一个 void 操作数
..\..\06-sfilter\Hips\Driver\sfilter.c(1611): warning C4152: 非标准扩展，表达式中的函数/数据指针转换
..\..\06-sfilter\Hips\Driver\sfilter.c(1614): warning C4152: 非标准扩展，表达式中的函数/数据指针转换
..\..\06-sfilter\Hips\Driver\sfilter.c(1617): warning C4152: 非标准扩展，表达式中的函数/数据指针转换
..\..\06-sfilter\Hips\Driver\sfilter.c(1620): warning C4152: 非标准扩展，表达式中的函数/数据指针转换
..\..\06-sfilter\Hips\Driver\sfilter.c(1623): warning C4152: 非标准扩展，表达式中的函数/数据指针转换
..\..\06-sfilter\Hips\Driver\sfilter.c(1626): warning C4152: 非标准扩展，表达式中的函数/数据指针转换
..\..\06-sfilter\Hips\Driver\sfilter.c(1629): warning C4152: 非标准扩展，表达式中的函数/数据指针转换
..\..\06-sfilter\Hips\Driver\sfilter.c(1632): warning C4152: 非标准扩展，表达式中的函数/数据指针转换
..\..\06-sfilter\Hips\Driver\sfilter.c(1741): warning C4053: “?:”的一个 void 操作数
..\..\06-sfilter\Hips\Driver\sfilter.c(1750): warning C4053: “?:”的一个 void 操作数
..\..\06-sfilter\Hips\Driver\sfilter.c(2052): warning C4189: “CurrentList”: 局部变量已初始化但不引用
..\..\06-sfilter\Hips\Driver\sfilter.c(2083): warning C4189: “lpDevExt”: 局部变量已初始化但不引用
..\..\06-sfilter\Hips\Driver\sfilter.c(2147): warning C4189: “lpIrpStack”: 局部变量已初始化但不引用
..\..\06-sfilter\Hips\Driver\sfilter.c(2146): warning C4189: “ulInfomation”: 局部变量已初始化但不引用
..\..\06-sfilter\Hips\Driver\sfilter.c(2230): warning C4189: “CurrentList”: 局部变量已初始化但不引用
..\..\06-sfilter\Hips\Driver\sfilter.c(2235): warning C4189: “bRename”: 局部变量已初始化但不引用
..\..\06-sfilter\Hips\Driver\sfilter.c(2262): warning C4189: “lpDevExt”: 局部变量已初始化但不引用
..\..\06-sfilter\Hips\Driver\sfilter.c(2452): warning C4189: “pTwoWay”: 局部变量已初始化但不引用
..\..\06-sfilter\Hips\Driver\sfilter.c(2441): warning C4189: “CurrentList”: 局部变量已初始化但不引用
..\..\06-sfilter\Hips\Driver\sfilter.c(2482): warning C4189: “securityContext”: 局部变量已初始化但不引用
..\..\06-sfilter\Hips\Driver\sfilter.c(2716): warning C4189: “lpIrpStack”: 局部变量已初始化但不引用
..\..\06-sfilter\Hips\Driver\sfilter.c(2747): warning C4189: “CurrentList”: 局部变量已初始化但不引用
..\..\06-sfilter\Hips\Driver\sfilter.c(2776): warning C4189: “lpDevExt”: 局部变量已初始化但不引用
..\..\06-sfilter\Hips\Driver\sfilter.c(2912): warning C4053: “?:”的一个 void 操作数
..\..\06-sfilter\Hips\Driver\sfilter.c(3090): warning C4053: “?:”的一个 void 操作数
..\..\06-sfilter\Hips\Driver\sfilter.c(3172): warning C4053: “?:”的一个 void 操作数
..\..\06-sfilter\Hips\Driver\sfilter.c(3202): warning C4053: “?:”的一个 void 操作数
..\..\06-sfilter\Hips\Driver\sfilter.c(3411): warning C4053: “?:”的一个 void 操作数
..\..\06-sfilter\Hips\Driver\sfilter.c(3424): warning C4053: “?:”的一个 void 操作数
..\..\06-sfilter\Hips\Driver\sfilter.c(3458): warning C4053: “?:”的一个 void 操作数
..\..\06-sfilter\Hips\Driver\sfilter.c(3475): warning C4053: “?:”的一个 void 操作数
..\..\06-sfilter\Hips\Driver\sfilter.c(3493): warning C4053: “?:”的一个 void 操作数
..\..\06-sfilter\Hips\Driver\sfilter.c(3540): warning C4053: “?:”的一个 void 操作数
..\..\06-sfilter\Hips\Driver\sfilter.c(3614): warning C4053: “?:”的一个 void 操作数
..\..\06-sfilter\Hips\Driver\sfilter.c(3815): warning C4053: “?:”的一个 void 操作数
..\..\06-sfilter\Hips\Driver\sfilter.c(3848): warning C4053: “?:”的一个 void 操作数
..\..\06-sfilter\Hips\Driver\sfilter.c(4745): warning C4053: “?:”的一个 void 操作数
..\..\06-sfilter\Hips\Driver\sfilter.c(5809): warning C4053: “?:”的一个 void 操作数
..\..\06-sfilter\Hips\Driver\sfilter.c(5919): warning C4053: “?:”的一个 void 操作数
..\..\06-sfilter\Hips\Driver\sfilter.c(6027): warning C4053: “?:”的一个 void 操作数
..\..\06-sfilter\Hips\Driver\sfilter.c(6257): warning C4053: “?:”的一个 void 操作数
..\..\06-sfilter\Hips\Driver\sfilter.c(6553): warning C4053: “?:”的一个 void 操作数
