1>errors in directory c:\users\p0sixb1ackcat\desktop\changecommandlinebuffer
1>c:\users\p0sixb1ackcat\desktop\changecommandlinebuffer\work.h(233) : error C2146: syntax error : missing ')' before identifier 'PRKPROCESS'
1>c:\users\p0sixb1ackcat\desktop\changecommandlinebuffer\work.h(233) : error C2085: 'Process' : not in formal parameter list
1>c:\users\p0sixb1ackcat\desktop\changecommandlinebuffer\work.h(233) : error C2085: '_Out_' : not in formal parameter list
1>c:\users\p0sixb1ackcat\desktop\changecommandlinebuffer\work.h(233) : error C2146: syntax error : missing ',' before identifier 'PRKAPC_STATE'
1>c:\users\p0sixb1ackcat\desktop\changecommandlinebuffer\work.h(233) : error C2146: syntax error : missing ',' before identifier 'ApcState'
1>c:\users\p0sixb1ackcat\desktop\changecommandlinebuffer\work.h(233) : error C2059: syntax error : ')'
1>c:\users\p0sixb1ackcat\desktop\changecommandlinebuffer\work.h(234) : error C2146: syntax error : missing ')' before identifier 'PRKAPC_STATE'
1>c:\users\p0sixb1ackcat\desktop\changecommandlinebuffer\work.h(234) : error C2085: 'KeUnstackDetachProcess' : not in formal parameter list
1>c:\users\p0sixb1ackcat\desktop\changecommandlinebuffer\work.h(234) : error C2146: syntax error : missing ',' before identifier 'PRKAPC_STATE'
1>c:\users\p0sixb1ackcat\desktop\changecommandlinebuffer\work.h(234) : error C2146: syntax error : missing ',' before identifier 'ApcState'
1>c:\users\p0sixb1ackcat\desktop\changecommandlinebuffer\work.h(234) : error C2059: syntax error : ')'
1>c:\users\p0sixb1ackcat\desktop\changecommandlinebuffer\work.h(235) : error C2085: 'PsGetProcessPeb' : not in formal parameter list
1>c:\users\p0sixb1ackcat\desktop\changecommandlinebuffer\work.h(236) : error C2085: 'NtTerminateProcess' : not in formal parameter list
1>c:\users\p0sixb1ackcat\desktop\changecommandlinebuffer\work.h(244) : error C2085: 'ObOpenObjectByPointer' : not in formal parameter list
1>c:\users\p0sixb1ackcat\desktop\changecommandlinebuffer\work.h(245) : error C2085: 'PsGetProcessImageFileName' : not in formal parameter list
1>c:\users\p0sixb1ackcat\desktop\changecommandlinebuffer\liketest.c(7) : error C2085: 'DriverUnload' : not in formal parameter list
1>c:\users\p0sixb1ackcat\desktop\changecommandlinebuffer\liketest.c(7) : error C2143: syntax error : missing ';' before '{'
1>c:\users\p0sixb1ackcat\desktop\changecommandlinebuffer\liketest.c(11) : error C2065: 'pDriverObj' : undeclared identifier
1>c:\users\p0sixb1ackcat\desktop\changecommandlinebuffer\liketest.c(11) : error C2223: left of '->DeviceObject' must point to struct/union
1>c:\users\p0sixb1ackcat\desktop\changecommandlinebuffer\liketest.c(11) : error C2198: 'IoDeleteDevice' : too few arguments for call
1>c:\users\p0sixb1ackcat\desktop\changecommandlinebuffer\liketest.c(74) : error C2065: 'DriverUnload' : undeclared identifier
1>c:\users\p0sixb1ackcat\desktop\changecommandlinebuffer\work.h(233) : error C2146: syntax error : missing ')' before identifier 'PRKPROCESS'
1>c:\users\p0sixb1ackcat\desktop\changecommandlinebuffer\work.h(233) : error C2085: 'Process' : not in formal parameter list
1>c:\users\p0sixb1ackcat\desktop\changecommandlinebuffer\work.h(233) : error C2085: '_Out_' : not in formal parameter list
1>c:\users\p0sixb1ackcat\desktop\changecommandlinebuffer\work.h(233) : error C2146: syntax error : missing ',' before identifier 'PRKAPC_STATE'
1>c:\users\p0sixb1ackcat\desktop\changecommandlinebuffer\work.h(233) : error C2146: syntax error : missing ',' before identifier 'ApcState'
1>c:\users\p0sixb1ackcat\desktop\changecommandlinebuffer\work.h(233) : error C2059: syntax error : ')'
1>c:\users\p0sixb1ackcat\desktop\changecommandlinebuffer\work.h(234) : error C2146: syntax error : missing ')' before identifier 'PRKAPC_STATE'
1>c:\users\p0sixb1ackcat\desktop\changecommandlinebuffer\work.h(234) : error C2085: 'KeUnstackDetachProcess' : not in formal parameter list
1>c:\users\p0sixb1ackcat\desktop\changecommandlinebuffer\work.h(234) : error C2146: syntax error : missing ',' before identifier 'PRKAPC_STATE'
1>c:\users\p0sixb1ackcat\desktop\changecommandlinebuffer\work.h(234) : error C2146: syntax error : missing ',' before identifier 'ApcState'
1>c:\users\p0sixb1ackcat\desktop\changecommandlinebuffer\work.h(234) : error C2059: syntax error : ')'
1>c:\users\p0sixb1ackcat\desktop\changecommandlinebuffer\work.h(235) : error C2085: 'PsGetProcessPeb' : not in formal parameter list
1>c:\users\p0sixb1ackcat\desktop\changecommandlinebuffer\work.h(236) : error C2085: 'NtTerminateProcess' : not in formal parameter list
1>c:\users\p0sixb1ackcat\desktop\changecommandlinebuffer\work.h(244) : error C2085: 'ObOpenObjectByPointer' : not in formal parameter list
1>c:\users\p0sixb1ackcat\desktop\changecommandlinebuffer\work.h(245) : error C2085: 'PsGetProcessImageFileName' : not in formal parameter list
1>c:\users\p0sixb1ackcat\desktop\changecommandlinebuffer\work.c(11) : error C2085: 'CreateProcessNotify' : not in formal parameter list
1>c:\users\p0sixb1ackcat\desktop\changecommandlinebuffer\work.c(11) : error C2143: syntax error : missing ';' before '{'
1>c:\users\p0sixb1ackcat\desktop\changecommandlinebuffer\work.c(16) : error C2065: 'Create' : undeclared identifier
1>c:\users\p0sixb1ackcat\desktop\changecommandlinebuffer\work.c(18) : error C2065: 'ProcessId' : undeclared identifier
1>c:\users\p0sixb1ackcat\desktop\changecommandlinebuffer\work.c(24) : error C2275: 'KAPC_STATE' : illegal use of this type as an expression
1>c:\users\p0sixb1ackcat\desktop\changecommandlinebuffer\work.c(24) : error C2146: syntax error : missing ';' before identifier 'ApcState'
1>c:\users\p0sixb1ackcat\desktop\changecommandlinebuffer\work.c(24) : error C2065: 'ApcState' : undeclared identifier
1>c:\users\p0sixb1ackcat\desktop\changecommandlinebuffer\work.c(24) : error C2275: 'PPEB' : illegal use of this type as an expression
1>c:\users\p0sixb1ackcat\desktop\changecommandlinebuffer\work.c(24) : error C2146: syntax error : missing ';' before identifier 'peb'
1>c:\users\p0sixb1ackcat\desktop\changecommandlinebuffer\work.c(24) : error C2065: 'peb' : undeclared identifier
1>c:\users\p0sixb1ackcat\desktop\changecommandlinebuffer\work.c(25) : error C2065: 'ApcState' : undeclared identifier
1>c:\users\p0sixb1ackcat\desktop\changecommandlinebuffer\work.c(25) : error C2708: 'KeStackAttachProcess' : actual parameters length in bytes differs from previous call or reference
1>c:\users\p0sixb1ackcat\desktop\changecommandlinebuffer\work.c(26) : error C2065: 'peb' : undeclared identifier
1>c:\users\p0sixb1ackcat\desktop\changecommandlinebuffer\work.c(26) : error C4013: 'PsGetProcessPeb' undefined; assuming extern returning int
1>c:\users\p0sixb1ackcat\desktop\changecommandlinebuffer\work.c(29) : error C2065: 'peb' : undeclared identifier
1>c:\users\p0sixb1ackcat\desktop\changecommandlinebuffer\work.c(29) : error C2223: left of '->ProcessParameters' must point to struct/union
1>c:\users\p0sixb1ackcat\desktop\changecommandlinebuffer\work.c(29) : error C2065: 'peb' : undeclared identifier
1>c:\users\p0sixb1ackcat\desktop\changecommandlinebuffer\work.c(29) : error C2223: left of '->ProcessParameters' must point to struct/union
1>c:\users\p0sixb1ackcat\desktop\changecommandlinebuffer\work.c(32) : error C2065: 'peb' : undeclared identifier
1>c:\users\p0sixb1ackcat\desktop\changecommandlinebuffer\work.c(32) : error C2223: left of '->ProcessParameters' must point to struct/union
1>c:\users\p0sixb1ackcat\desktop\changecommandlinebuffer\work.c(35) : error C2275: 'UNICODE_STRING' : illegal use of this type as an expression
1>c:\users\p0sixb1ackcat\desktop\changecommandlinebuffer\work.c(35) : error C2146: syntax error : missing ';' before identifier 'Unicode_tmp'
1>c:\users\p0sixb1ackcat\desktop\changecommandlinebuffer\work.c(35) : error C2065: 'Unicode_tmp' : undeclared identifier
1>c:\users\p0sixb1ackcat\desktop\changecommandlinebuffer\work.c(36) : error C2065: 'Unicode_tmp' : undeclared identifier
1>c:\users\p0sixb1ackcat\desktop\changecommandlinebuffer\work.c(37) : error C2065: 'peb' : undeclared identifier
1>c:\users\p0sixb1ackcat\desktop\changecommandlinebuffer\work.c(37) : error C2223: left of '->ProcessParameters' must point to struct/union
1>c:\users\p0sixb1ackcat\desktop\changecommandlinebuffer\work.c(37) : error C2065: 'Unicode_tmp' : undeclared identifier
1>c:\users\p0sixb1ackcat\desktop\changecommandlinebuffer\work.c(40) : error C2065: 'peb' : undeclared identifier
1>c:\users\p0sixb1ackcat\desktop\changecommandlinebuffer\work.c(40) : error C2223: left of '->ProcessParameters' must point to struct/union
1>c:\users\p0sixb1ackcat\desktop\changecommandlinebuffer\work.c(40) : error C2065: 'Unicode_tmp' : undeclared identifier
1>c:\users\p0sixb1ackcat\desktop\changecommandlinebuffer\work.c(42) : error C2065: 'peb' : undeclared identifier
1>c:\users\p0sixb1ackcat\desktop\changecommandlinebuffer\work.c(42) : error C2223: left of '->ProcessParameters' must point to struct/union
1>c:\users\p0sixb1ackcat\desktop\changecommandlinebuffer\work.c(53) : error C4013: 'KeUnstackDetachProcess' undefined; assuming extern returning int
1>c:\users\p0sixb1ackcat\desktop\changecommandlinebuffer\work.c(53) : error C2065: 'ApcState' : undeclared identifier
1>c:\users\p0sixb1ackcat\desktop\changecommandlinebuffer\work.c(72) : error C2065: 'CreateProcessNotify' : undeclared identifier
1>c:\users\p0sixb1ackcat\desktop\changecommandlinebuffer\work.c(81) : error C2065: 'CreateProcessNotify' : undeclared identifier
1>link : error LNK1181: cannot open input file 'c:\users\p0sixb1ackcat\desktop\changecommandlinebuffer\objchk_win7_x86\i386\liketest.obj'
