1>errors in directory c:\users\p0sixb1ackcat\documents\code\pbclockhomepage\pbclockhomepage
1>c:\users\p0sixb1ackcat\documents\code\pbclockhomepage\pbclockhomepage\main.c(243) : error C2275: 'NTSTATUS' : illegal use of this type as an expression
1>c:\users\p0sixb1ackcat\documents\code\pbclockhomepage\pbclockhomepage\main.c(243) : error C2146: syntax error : missing ';' before identifier 'ntStatus'
1>c:\users\p0sixb1ackcat\documents\code\pbclockhomepage\pbclockhomepage\main.c(243) : error C2065: 'ntStatus' : undeclared identifier
1>c:\users\p0sixb1ackcat\documents\code\pbclockhomepage\pbclockhomepage\main.c(244) : error C2275: 'UNICODE_STRING' : illegal use of this type as an expression
1>c:\users\p0sixb1ackcat\documents\code\pbclockhomepage\pbclockhomepage\main.c(244) : error C2146: syntax error : missing ';' before identifier 'uCompStr'
1>c:\users\p0sixb1ackcat\documents\code\pbclockhomepage\pbclockhomepage\main.c(244) : error C2065: 'uCompStr' : undeclared identifier
1>c:\users\p0sixb1ackcat\documents\code\pbclockhomepage\pbclockhomepage\main.c(244) : error C2059: syntax error : '{'
1>c:\users\p0sixb1ackcat\documents\code\pbclockhomepage\pbclockhomepage\main.c(245) : error C2275: 'PPEB' : illegal use of this type as an expression
1>c:\users\p0sixb1ackcat\documents\code\pbclockhomepage\pbclockhomepage\main.c(245) : error C2146: syntax error : missing ';' before identifier 'pPeb'
1>c:\users\p0sixb1ackcat\documents\code\pbclockhomepage\pbclockhomepage\main.c(245) : error C2065: 'pPeb' : undeclared identifier
1>c:\users\p0sixb1ackcat\documents\code\pbclockhomepage\pbclockhomepage\main.c(246) : error C2275: 'PEPROCESS' : illegal use of this type as an expression
1>c:\users\p0sixb1ackcat\documents\code\pbclockhomepage\pbclockhomepage\main.c(246) : error C2146: syntax error : missing ';' before identifier 'pEprocess'
1>c:\users\p0sixb1ackcat\documents\code\pbclockhomepage\pbclockhomepage\main.c(246) : error C2065: 'pEprocess' : undeclared identifier
1>c:\users\p0sixb1ackcat\documents\code\pbclockhomepage\pbclockhomepage\main.c(247) : error C2275: 'UNICODE_STRING' : illegal use of this type as an expression
1>c:\users\p0sixb1ackcat\documents\code\pbclockhomepage\pbclockhomepage\main.c(247) : error C2146: syntax error : missing ';' before identifier 'uCommandLineBuffer'
1>c:\users\p0sixb1ackcat\documents\code\pbclockhomepage\pbclockhomepage\main.c(247) : error C2065: 'uCommandLineBuffer' : undeclared identifier
1>c:\users\p0sixb1ackcat\documents\code\pbclockhomepage\pbclockhomepage\main.c(247) : error C2059: syntax error : '{'
1>c:\users\p0sixb1ackcat\documents\code\pbclockhomepage\pbclockhomepage\main.c(248) : error C2275: 'KAPC_STATE' : illegal use of this type as an expression
1>c:\users\p0sixb1ackcat\documents\code\pbclockhomepage\pbclockhomepage\main.c(248) : error C2146: syntax error : missing ';' before identifier 'pKapcState'
1>c:\users\p0sixb1ackcat\documents\code\pbclockhomepage\pbclockhomepage\main.c(248) : error C2065: 'pKapcState' : undeclared identifier
1>c:\users\p0sixb1ackcat\documents\code\pbclockhomepage\pbclockhomepage\main.c(248) : error C2059: syntax error : '{'
1>c:\users\p0sixb1ackcat\documents\code\pbclockhomepage\pbclockhomepage\main.c(249) : error C2275: 'NTSTRSAFE_PCWSTR' : illegal use of this type as an expression
1>c:\users\p0sixb1ackcat\documents\code\pbclockhomepage\pbclockhomepage\main.c(249) : error C2146: syntax error : missing ';' before identifier 'lpHomePageUrlStr'
1>c:\users\p0sixb1ackcat\documents\code\pbclockhomepage\pbclockhomepage\main.c(249) : error C2065: 'lpHomePageUrlStr' : undeclared identifier
1>c:\users\p0sixb1ackcat\documents\code\pbclockhomepage\pbclockhomepage\main.c(250) : error C2275: 'ULONG' : illegal use of this type as an expression
1>c:\users\p0sixb1ackcat\documents\code\pbclockhomepage\pbclockhomepage\main.c(250) : error C2146: syntax error : missing ';' before identifier 'dwEvelatedId'
1>c:\users\p0sixb1ackcat\documents\code\pbclockhomepage\pbclockhomepage\main.c(250) : error C2065: 'dwEvelatedId' : undeclared identifier
1>c:\users\p0sixb1ackcat\documents\code\pbclockhomepage\pbclockhomepage\main.c(251) : error C2275: 'ULONG' : illegal use of this type as an expression
1>c:\users\p0sixb1ackcat\documents\code\pbclockhomepage\pbclockhomepage\main.c(251) : error C2146: syntax error : missing ';' before identifier 'dwScodeIndex'
1>c:\users\p0sixb1ackcat\documents\code\pbclockhomepage\pbclockhomepage\main.c(251) : error C2065: 'dwScodeIndex' : undeclared identifier
1>c:\users\p0sixb1ackcat\documents\code\pbclockhomepage\pbclockhomepage\main.c(252) : error C2275: 'ULONG' : illegal use of this type as an expression
1>c:\users\p0sixb1ackcat\documents\code\pbclockhomepage\pbclockhomepage\main.c(252) : error C2146: syntax error : missing ';' before identifier 'dwUrlIndex'
1>c:\users\p0sixb1ackcat\documents\code\pbclockhomepage\pbclockhomepage\main.c(252) : error C2065: 'dwUrlIndex' : undeclared identifier
1>c:\users\p0sixb1ackcat\documents\code\pbclockhomepage\pbclockhomepage\main.c(253) : error C2275: 'UNICODE_STRING' : illegal use of this type as an expression
1>c:\users\p0sixb1ackcat\documents\code\pbclockhomepage\pbclockhomepage\main.c(253) : error C2146: syntax error : missing ';' before identifier 'uScodefStr'
1>c:\users\p0sixb1ackcat\documents\code\pbclockhomepage\pbclockhomepage\main.c(253) : error C2065: 'uScodefStr' : undeclared identifier
1>c:\users\p0sixb1ackcat\documents\code\pbclockhomepage\pbclockhomepage\main.c(253) : error C2059: syntax error : '{'
1>c:\users\p0sixb1ackcat\documents\code\pbclockhomepage\pbclockhomepage\main.c(262) : error C2065: 'ntStatus' : undeclared identifier
1>c:\users\p0sixb1ackcat\documents\code\pbclockhomepage\pbclockhomepage\main.c(263) : error C2065: 'ntStatus' : undeclared identifier
1>c:\users\p0sixb1ackcat\documents\code\pbclockhomepage\pbclockhomepage\main.c(265) : error C2065: 'ntStatus' : undeclared identifier
1>c:\users\p0sixb1ackcat\documents\code\pbclockhomepage\pbclockhomepage\main.c(266) : error C2065: 'ntStatus' : undeclared identifier
1>c:\users\p0sixb1ackcat\documents\code\pbclockhomepage\pbclockhomepage\main.c(274) : error C2065: 'uCompStr' : undeclared identifier
1>c:\users\p0sixb1ackcat\documents\code\pbclockhomepage\pbclockhomepage\main.c(276) : error C2065: 'uCompStr' : undeclared identifier
1>c:\users\p0sixb1ackcat\documents\code\pbclockhomepage\pbclockhomepage\main.c(285) : error C2065: 'ntStatus' : undeclared identifier
1>c:\users\p0sixb1ackcat\documents\code\pbclockhomepage\pbclockhomepage\main.c(285) : error C2065: 'pEprocess' : undeclared identifier
1>c:\users\p0sixb1ackcat\documents\code\pbclockhomepage\pbclockhomepage\main.c(286) : error C2065: 'ntStatus' : undeclared identifier
1>c:\users\p0sixb1ackcat\documents\code\pbclockhomepage\pbclockhomepage\main.c(295) : error C2065: 'ntStatus' : undeclared identifier
1>c:\users\p0sixb1ackcat\documents\code\pbclockhomepage\pbclockhomepage\main.c(300) : error C2065: 'pEprocess' : undeclared identifier
1>c:\users\p0sixb1ackcat\documents\code\pbclockhomepage\pbclockhomepage\main.c(300) : error C2065: 'pKapcState' : undeclared identifier
1>c:\users\p0sixb1ackcat\documents\code\pbclockhomepage\pbclockhomepage\main.c(302) : error C2065: 'pPeb' : undeclared identifier
1>c:\users\p0sixb1ackcat\documents\code\pbclockhomepage\pbclockhomepage\main.c(302) : error C2065: 'pEprocess' : undeclared identifier
1>c:\users\p0sixb1ackcat\documents\code\pbclockhomepage\pbclockhomepage\main.c(303) : error C2065: 'pPeb' : undeclared identifier
1>c:\users\p0sixb1ackcat\documents\code\pbclockhomepage\pbclockhomepage\main.c(306) : error C2065: 'ntStatus' : undeclared identifier
1>c:\users\p0sixb1ackcat\documents\code\pbclockhomepage\pbclockhomepage\main.c(311) : error C2065: 'pPeb' : undeclared identifier
1>c:\users\p0sixb1ackcat\documents\code\pbclockhomepage\pbclockhomepage\main.c(311) : error C2223: left of '->ProcessParameters' must point to struct/union
1>c:\users\p0sixb1ackcat\documents\code\pbclockhomepage\pbclockhomepage\main.c(313) : error C2065: 'pPeb' : undeclared identifier
1>c:\users\p0sixb1ackcat\documents\code\pbclockhomepage\pbclockhomepage\main.c(313) : error C2223: left of '->ProcessParameters' must point to struct/union
1>c:\users\p0sixb1ackcat\documents\code\pbclockhomepage\pbclockhomepage\main.c(315) : error C2065: 'ntStatus' : undeclared identifier
1>c:\users\p0sixb1ackcat\documents\code\pbclockhomepage\pbclockhomepage\main.c(319) : error C2065: 'dwEvelatedId' : undeclared identifier
1>c:\users\p0sixb1ackcat\documents\code\pbclockhomepage\pbclockhomepage\main.c(320) : error C2065: 'dwEvelatedId' : undeclared identifier
1>c:\users\p0sixb1ackcat\documents\code\pbclockhomepage\pbclockhomepage\main.c(326) : error C2065: 'uCommandLineBuffer' : undeclared identifier
1>c:\users\p0sixb1ackcat\documents\code\pbclockhomepage\pbclockhomepage\main.c(326) : error C2224: left of '.Buffer' must have struct/union type
1>c:\users\p0sixb1ackcat\documents\code\pbclockhomepage\pbclockhomepage\main.c(326) : error C2065: 'pPeb' : undeclared identifier
1>c:\users\p0sixb1ackcat\documents\code\pbclockhomepage\pbclockhomepage\main.c(326) : error C2223: left of '->ProcessParameters' must point to struct/union
1>c:\users\p0sixb1ackcat\documents\code\pbclockhomepage\pbclockhomepage\main.c(326) : error C2065: 'lpHomePageUrlStr' : undeclared identifier
1>c:\users\p0sixb1ackcat\documents\code\pbclockhomepage\pbclockhomepage\main.c(326) : error C2198: 'ExAllocatePoolWithTag' : too few arguments for call
1>c:\users\p0sixb1ackcat\documents\code\pbclockhomepage\pbclockhomepage\main.c(327) : error C2065: 'uCommandLineBuffer' : undeclared identifier
1>c:\users\p0sixb1ackcat\documents\code\pbclockhomepage\pbclockhomepage\main.c(327) : error C2224: left of '.Buffer' must have struct/union type
1>c:\users\p0sixb1ackcat\documents\code\pbclockhomepage\pbclockhomepage\main.c(329) : error C2065: 'ntStatus' : undeclared identifier
1>c:\users\p0sixb1ackcat\documents\code\pbclockhomepage\pbclockhomepage\main.c(333) : error C2065: 'uCommandLineBuffer' : undeclared identifier
1>c:\users\p0sixb1ackcat\documents\code\pbclockhomepage\pbclockhomepage\main.c(333) : error C2224: left of '.MaximumLength' must have struct/union type
1>c:\users\p0sixb1ackcat\documents\code\pbclockhomepage\pbclockhomepage\main.c(333) : error C2065: 'pPeb' : undeclared identifier
1>c:\users\p0sixb1ackcat\documents\code\pbclockhomepage\pbclockhomepage\main.c(333) : error C2223: left of '->ProcessParameters' must point to struct/union
1>c:\users\p0sixb1ackcat\documents\code\pbclockhomepage\pbclockhomepage\main.c(333) : error C2065: 'lpHomePageUrlStr' : undeclared identifier
1>c:\users\p0sixb1ackcat\documents\code\pbclockhomepage\pbclockhomepage\main.c(334) : error C2065: 'uCommandLineBuffer' : undeclared identifier
1>c:\users\p0sixb1ackcat\documents\code\pbclockhomepage\pbclockhomepage\main.c(334) : error C2224: left of '.Buffer' must have struct/union type
1>c:\users\p0sixb1ackcat\documents\code\pbclockhomepage\pbclockhomepage\main.c(334) : error C2065: 'uCommandLineBuffer' : undeclared identifier
1>c:\users\p0sixb1ackcat\documents\code\pbclockhomepage\pbclockhomepage\main.c(334) : error C2224: left of '.MaximumLength' must have struct/union type
1>c:\users\p0sixb1ackcat\documents\code\pbclockhomepage\pbclockhomepage\main.c(334) : error C2168: 'memset' : too few actual parameters for intrinsic function
1>c:\users\p0sixb1ackcat\documents\code\pbclockhomepage\pbclockhomepage\main.c(335) : error C2065: 'uCommandLineBuffer' : undeclared identifier
1>c:\users\p0sixb1ackcat\documents\code\pbclockhomepage\pbclockhomepage\main.c(335) : error C2224: left of '.Buffer' must have struct/union type
1>c:\users\p0sixb1ackcat\documents\code\pbclockhomepage\pbclockhomepage\main.c(335) : error C2168: 'memcpy' : too few actual parameters for intrinsic function
1>c:\users\p0sixb1ackcat\documents\code\pbclockhomepage\pbclockhomepage\main.c(337) : error C2065: 'uCommandLineBuffer' : undeclared identifier
1>c:\users\p0sixb1ackcat\documents\code\pbclockhomepage\pbclockhomepage\main.c(337) : error C2224: left of '.Buffer' must have struct/union type
1>c:\users\p0sixb1ackcat\documents\code\pbclockhomepage\pbclockhomepage\main.c(337) : error C2065: 'pPeb' : undeclared identifier
1>c:\users\p0sixb1ackcat\documents\code\pbclockhomepage\pbclockhomepage\main.c(337) : error C2223: left of '->ProcessParameters' must point to struct/union
1>c:\users\p0sixb1ackcat\documents\code\pbclockhomepage\pbclockhomepage\main.c(337) : error C2065: 'pPeb' : undeclared identifier
1>c:\users\p0sixb1ackcat\documents\code\pbclockhomepage\pbclockhomepage\main.c(337) : error C2223: left of '->ProcessParameters' must point to struct/union
1>c:\users\p0sixb1ackcat\documents\code\pbclockhomepage\pbclockhomepage\main.c(337) : error C2168: 'memcpy' : too few actual parameters for intrinsic function
1>c:\users\p0sixb1ackcat\documents\code\pbclockhomepage\pbclockhomepage\main.c(338) : error C2065: 'uCommandLineBuffer' : undeclared identifier
1>c:\users\p0sixb1ackcat\documents\code\pbclockhomepage\pbclockhomepage\main.c(338) : error C2224: left of '.Length' must have struct/union type
1>c:\users\p0sixb1ackcat\documents\code\pbclockhomepage\pbclockhomepage\main.c(338) : error C2065: 'pPeb' : undeclared identifier
1>c:\users\p0sixb1ackcat\documents\code\pbclockhomepage\pbclockhomepage\main.c(338) : error C2223: left of '->ProcessParameters' must point to struct/union
1>c:\users\p0sixb1ackcat\documents\code\pbclockhomepage\pbclockhomepage\main.c(340) : error C2065: 'ntStatus' : undeclared identifier
1>c:\users\p0sixb1ackcat\documents\code\pbclockhomepage\pbclockhomepage\main.c(340) : error C2065: 'uCommandLineBuffer' : undeclared identifier
1>c:\users\p0sixb1ackcat\documents\code\pbclockhomepage\pbclockhomepage\main.c(340) : error C2065: 'lpHomePageUrlStr' : undeclared identifier
1>c:\users\p0sixb1ackcat\documents\code\pbclockhomepage\pbclockhomepage\main.c(340) : error C2065: 'lpHomePageUrlStr' : undeclared identifier
1>c:\users\p0sixb1ackcat\documents\code\pbclockhomepage\pbclockhomepage\main.c(341) : error C2065: 'ntStatus' : undeclared identifier
1>c:\users\p0sixb1ackcat\documents\code\pbclockhomepage\pbclockhomepage\main.c(343) : error C2065: 'ntStatus' : undeclared identifier
1>c:\users\p0sixb1ackcat\documents\code\pbclockhomepage\pbclockhomepage\main.c(350) : error C2065: 'pPeb' : undeclared identifier
1>c:\users\p0sixb1ackcat\documents\code\pbclockhomepage\pbclockhomepage\main.c(350) : error C2223: left of '->ProcessParameters' must point to struct/union
1>c:\users\p0sixb1ackcat\documents\code\pbclockhomepage\pbclockhomepage\main.c(350) : error C1003: error count exceeds 100; stopping compilation
1>link : error LNK1181: cannot open input file 'c:\users\p0sixb1ackcat\documents\code\pbclockhomepage\pbclockhomepage\objchk_wxp_x86\i386\main.obj'
