BUILD: Computing Include file dependencies:
BUILD: Examining c:\users\p0sixb1ackcat\documents\code\pbclockhomepage\pbclockhomepage directory for files to compile.
oacr invalidate root:x86chk /autocleanqueue
1>Compiling and Linking c:\users\p0sixb1ackcat\documents\code\pbclockhomepage\pbclockhomepage *************
1>'nmake.exe /nologo BUILDMSG=Stop. -i BUILD_PASS=PASS2 LINKONLY=1 NOPASS0=1 MAKEDIR_RELATIVE_TO_BASEDIR='
1>c:\users\p0sixb1ackcat\documents\code\pbclockhomepage\pbclockhomepage: TARGETPATH is obj
1>BUILDMSG: _NT_TARGET_VERSION SET TO WINXP
1> C:\WinDDK\7600.16385.1\Bin\x86\oacr\oacrcl @c:\users\p0sixb1ackcat\documents\code\pbclockhomepage\pbclockhomepage\objchk_wxp_x86\i386\cl.rsp
1>Microsoft (R) 32-bit C/C++ Optimizing Compiler Version 15.00.30729.207 for 80x86
1>Copyright (C) Microsoft Corporation.  All rights reserved.
1>cl /Fo"c:\users\p0sixb1ackcat\documents\code\pbclockhomepage\pbclockhomepage\objchk_wxp_x86\i386/"
1> /FC
1> /Ii386
1> /I.
1> /Ic:\users\p0sixb1ackcat\documents\code\pbclockhomepage\pbclockhomepage\objchk_wxp_x86\i386
1> /IC:\WinDDK\7600.16385.1\inc\api
1> /IC:\WinDDK\7600.16385.1\inc\api
1> /IC:\WinDDK\7600.16385.1\inc\ddk
1> /IC:\WinDDK\7600.16385.1\inc\ddk
1> /IC:\WinDDK\7600.16385.1\inc\crt
1> /D_X86_=1
1> /Di386=1
1> /DSTD_CALL
1> /DCONDITION_HANDLING=1
1> /DNT_UP=1
1> /DNT_INST=0
1> /DWIN32=100
1> /D_NT1X_=100
1> /DWINNT=1
1> /D_WIN32_WINNT=0x0501
1> /DWINVER=0x0501
1> /D_WIN32_IE=0x0603
1> /DWIN32_LEAN_AND_MEAN=1
1> /DDEVL=1
1> /DDBG=1
1> /D__BUILDMACHINE__=WinDDK
1> /DFPO=0
1> /D_DLL=1
1> /DNDEBUG
1> /DDEPRECATE_DDK_FUNCTIONS=1
1> /DMSC_NOOPT
1> /DNTDDI_VERSION=0x05010200
1> /c
1> /Zc:wchar_t-
1> /Zl
1> /Zp8
1> /Gy
1> /Gm-
1> -cbstring
1> /W3
1> /Gz
1> /hotpatch
1> /EHs-c-
1> /GR-
1> /GF
1> /GS
1> /Zi
1> /Od
1> /Oi
1> /Oy-
1> /Zi
1> /Fdc:\users\p0sixb1ackcat\documents\code\pbclockhomepage\pbclockhomepage\objchk_wxp_x86\i386\
1> /DKMDF_MAJOR_VERSION_STRING=01
1> /DKMDF_MINOR_VERSION_STRING=009
1> /wd4603
1> /wd4627
1> /typedil-
1> /FIC:\WinDDK\7600.16385.1\inc\api\warning.h
1> .\pbcstr.c .\main.c 
1>pbcstr.c
1>c:\users\p0sixb1ackcat\documents\code\pbclockhomepage\pbclockhomepage\pbcstr.h(4) : warning C4005: 'MAX_PATH' : macro redefinition
1>warnings in directory c:\users\p0sixb1ackcat\documents\code\pbclockhomepage\pbclockhomepage
1>c:\users\p0sixb1ackcat\documents\code\pbclockhomepage\pbclockhomepage\pbcstr.h(4) : warning C4005: 'MAX_PATH' : macro redefinition
1> c:\winddk\7600.16385.1\inc\api\windef.h(57) : see previous definition of 'MAX_PATH'
1>c:\users\p0sixb1ackcat\documents\code\pbclockhomepage\pbclockhomepage\pbcstr.c(27) : warning C4244: '=' : conversion from 'unsigned long' to 'USHORT', possible loss of data
1>c:\users\p0sixb1ackcat\documents\code\pbclockhomepage\pbclockhomepage\pbcstr.c(27) : warning C4244: '=' : conversion from 'unsigned long' to 'USHORT', possible loss of data
1>c:\users\p0sixb1ackcat\documents\code\pbclockhomepage\pbclockhomepage\pbcstr.c(107) : warning C4242: '=' : conversion from 'size_t' to 'USHORT', possible loss of data
1>c:\users\p0sixb1ackcat\documents\code\pbclockhomepage\pbclockhomepage\pbcstr.c(107) : warning C4242: '=' : conversion from 'size_t' to 'USHORT', possible loss of data
1>c:\users\p0sixb1ackcat\documents\code\pbclockhomepage\pbclockhomepage\pbcstr.c(133) : warning C4242: '=' : conversion from 'size_t' to 'USHORT', possible loss of data
1>c:\users\p0sixb1ackcat\documents\code\pbclockhomepage\pbclockhomepage\pbcstr.c(133) : warning C4242: '=' : conversion from 'size_t' to 'USHORT', possible loss of data
1>main.c
1>c:\users\p0sixb1ackcat\documents\code\pbclockhomepage\pbclockhomepage\pbcstr.h(4) : warning C4005: 'MAX_PATH' : macro redefinition
1>c:\users\p0sixb1ackcat\documents\code\pbclockhomepage\pbclockhomepage\pbcstr.h(4) : warning C4005: 'MAX_PATH' : macro redefinition
1> c:\winddk\7600.16385.1\inc\api\windef.h(57) : see previous definition of 'MAX_PATH'
1>c:\users\p0sixb1ackcat\documents\code\pbclockhomepage\pbclockhomepage\main.c(45) : warning C4047: 'function' : 'PVOID *' differs in levels of indirection from 'TOKEN_ELEVATION *'
1>c:\users\p0sixb1ackcat\documents\code\pbclockhomepage\pbclockhomepage\main.c(45) : warning C4047: 'function' : 'PVOID *' differs in levels of indirection from 'TOKEN_ELEVATION *'
1>c:\users\p0sixb1ackcat\documents\code\pbclockhomepage\pbclockhomepage\main.c(45) : warning C4022: 'SeQueryInformationToken' : pointer mismatch for actual parameter 3
1>c:\users\p0sixb1ackcat\documents\code\pbclockhomepage\pbclockhomepage\main.c(45) : warning C4022: 'SeQueryInformationToken' : pointer mismatch for actual parameter 3
1>c:\users\p0sixb1ackcat\documents\code\pbclockhomepage\pbclockhomepage\main.c(182) : warning C4047: 'function' : 'ULONG' differs in levels of indirection from 'void *'
1>c:\users\p0sixb1ackcat\documents\code\pbclockhomepage\pbclockhomepage\main.c(182) : warning C4047: 'function' : 'ULONG' differs in levels of indirection from 'void *'
1>c:\users\p0sixb1ackcat\documents\code\pbclockhomepage\pbclockhomepage\main.c(182) : warning C4024: 'ZwQueryInformationProcess' : different types for formal and actual parameter 4
1>c:\users\p0sixb1ackcat\documents\code\pbclockhomepage\pbclockhomepage\main.c(182) : warning C4024: 'ZwQueryInformationProcess' : different types for formal and actual parameter 4
1>c:\users\p0sixb1ackcat\documents\code\pbclockhomepage\pbclockhomepage\main.c(191) : warning C4047: 'function' : 'ULONG' differs in levels of indirection from 'char [5]'
1>c:\users\p0sixb1ackcat\documents\code\pbclockhomepage\pbclockhomepage\main.c(191) : warning C4047: 'function' : 'ULONG' differs in levels of indirection from 'char [5]'
1>c:\users\p0sixb1ackcat\documents\code\pbclockhomepage\pbclockhomepage\main.c(191) : warning C4024: 'ExAllocatePoolWithTag' : different types for formal and actual parameter 3
1>c:\users\p0sixb1ackcat\documents\code\pbclockhomepage\pbclockhomepage\main.c(191) : warning C4024: 'ExAllocatePoolWithTag' : different types for formal and actual parameter 3
1>c:\users\p0sixb1ackcat\documents\code\pbclockhomepage\pbclockhomepage\main.c(213) : warning C4242: '=' : conversion from 'ULONG' to 'USHORT', possible loss of data
1>c:\users\p0sixb1ackcat\documents\code\pbclockhomepage\pbclockhomepage\main.c(213) : warning C4242: '=' : conversion from 'ULONG' to 'USHORT', possible loss of data
1>c:\users\p0sixb1ackcat\documents\code\pbclockhomepage\pbclockhomepage\main.c(214) : warning C4047: 'function' : 'ULONG' differs in levels of indirection from 'char [5]'
1>c:\users\p0sixb1ackcat\documents\code\pbclockhomepage\pbclockhomepage\main.c(214) : warning C4047: 'function' : 'ULONG' differs in levels of indirection from 'char [5]'
1>c:\users\p0sixb1ackcat\documents\code\pbclockhomepage\pbclockhomepage\main.c(214) : warning C4024: 'ExAllocatePoolWithTag' : different types for formal and actual parameter 3
1>c:\users\p0sixb1ackcat\documents\code\pbclockhomepage\pbclockhomepage\main.c(214) : warning C4024: 'ExAllocatePoolWithTag' : different types for formal and actual parameter 3
1>c:\users\p0sixb1ackcat\documents\code\pbclockhomepage\pbclockhomepage\main.c(243) : error C2275: 'NTSTATUS' : illegal use of this type as an expression
1>errors in directory c:\users\p0sixb1ackcat\documents\code\pbclockhomepage\pbclockhomepage
1>c:\users\p0sixb1ackcat\documents\code\pbclockhomepage\pbclockhomepage\main.c(243) : error C2275: 'NTSTATUS' : illegal use of this type as an expression
1> c:\winddk\7600.16385.1\inc\api\ntdef.h(778) : see declaration of 'NTSTATUS'
1>c:\users\p0sixb1ackcat\documents\code\pbclockhomepage\pbclockhomepage\main.c(243) : error C2146: syntax error : missing ';' before identifier 'ntStatus'
1>c:\users\p0sixb1ackcat\documents\code\pbclockhomepage\pbclockhomepage\main.c(243) : error C2146: syntax error : missing ';' before identifier 'ntStatus'
1>c:\users\p0sixb1ackcat\documents\code\pbclockhomepage\pbclockhomepage\main.c(243) : error C2065: 'ntStatus' : undeclared identifier
1>c:\users\p0sixb1ackcat\documents\code\pbclockhomepage\pbclockhomepage\main.c(243) : error C2065: 'ntStatus' : undeclared identifier
1>c:\users\p0sixb1ackcat\documents\code\pbclockhomepage\pbclockhomepage\main.c(244) : error C2275: 'UNICODE_STRING' : illegal use of this type as an expression
1>c:\users\p0sixb1ackcat\documents\code\pbclockhomepage\pbclockhomepage\main.c(244) : error C2275: 'UNICODE_STRING' : illegal use of this type as an expression
1> c:\winddk\7600.16385.1\inc\api\ntdef.h(1311) : see declaration of 'UNICODE_STRING'
1>c:\users\p0sixb1ackcat\documents\code\pbclockhomepage\pbclockhomepage\main.c(244) : error C2146: syntax error : missing ';' before identifier 'uCompStr'
1>c:\users\p0sixb1ackcat\documents\code\pbclockhomepage\pbclockhomepage\main.c(244) : error C2146: syntax error : missing ';' before identifier 'uCompStr'
1>c:\users\p0sixb1ackcat\documents\code\pbclockhomepage\pbclockhomepage\main.c(244) : error C2065: 'uCompStr' : undeclared identifier
1>c:\users\p0sixb1ackcat\documents\code\pbclockhomepage\pbclockhomepage\main.c(244) : error C2065: 'uCompStr' : undeclared identifier
1>c:\users\p0sixb1ackcat\documents\code\pbclockhomepage\pbclockhomepage\main.c(244) : error C2059: syntax error : '{'
1>c:\users\p0sixb1ackcat\documents\code\pbclockhomepage\pbclockhomepage\main.c(244) : error C2059: syntax error : '{'
1>c:\users\p0sixb1ackcat\documents\code\pbclockhomepage\pbclockhomepage\main.c(245) : error C2275: 'PPEB' : illegal use of this type as an expression
1>c:\users\p0sixb1ackcat\documents\code\pbclockhomepage\pbclockhomepage\main.c(245) : error C2275: 'PPEB' : illegal use of this type as an expression
1> c:\winddk\7600.16385.1\inc\ddk\ntddk.h(76) : see declaration of 'PPEB'
1>c:\users\p0sixb1ackcat\documents\code\pbclockhomepage\pbclockhomepage\main.c(245) : error C2146: syntax error : missing ';' before identifier 'pPeb'
1>c:\users\p0sixb1ackcat\documents\code\pbclockhomepage\pbclockhomepage\main.c(245) : error C2146: syntax error : missing ';' before identifier 'pPeb'
1>c:\users\p0sixb1ackcat\documents\code\pbclockhomepage\pbclockhomepage\main.c(245) : error C2065: 'pPeb' : undeclared identifier
1>c:\users\p0sixb1ackcat\documents\code\pbclockhomepage\pbclockhomepage\main.c(245) : error C2065: 'pPeb' : undeclared identifier
1>c:\users\p0sixb1ackcat\documents\code\pbclockhomepage\pbclockhomepage\main.c(245) : warning C4047: '=' : 'int' differs in levels of indirection from 'void *'
1>c:\users\p0sixb1ackcat\documents\code\pbclockhomepage\pbclockhomepage\main.c(245) : warning C4047: '=' : 'int' differs in levels of indirection from 'void *'
1>c:\users\p0sixb1ackcat\documents\code\pbclockhomepage\pbclockhomepage\main.c(246) : error C2275: 'PEPROCESS' : illegal use of this type as an expression
1>c:\users\p0sixb1ackcat\documents\code\pbclockhomepage\pbclockhomepage\main.c(246) : error C2275: 'PEPROCESS' : illegal use of this type as an expression
1> c:\winddk\7600.16385.1\inc\ddk\wdm.h(76) : see declaration of 'PEPROCESS'
1>c:\users\p0sixb1ackcat\documents\code\pbclockhomepage\pbclockhomepage\main.c(246) : error C2146: syntax error : missing ';' before identifier 'pEprocess'
1>c:\users\p0sixb1ackcat\documents\code\pbclockhomepage\pbclockhomepage\main.c(246) : error C2146: syntax error : missing ';' before identifier 'pEprocess'
1>c:\users\p0sixb1ackcat\documents\code\pbclockhomepage\pbclockhomepage\main.c(246) : error C2065: 'pEprocess' : undeclared identifier
1>c:\users\p0sixb1ackcat\documents\code\pbclockhomepage\pbclockhomepage\main.c(246) : error C2065: 'pEprocess' : undeclared identifier
1>c:\users\p0sixb1ackcat\documents\code\pbclockhomepage\pbclockhomepage\main.c(246) : warning C4047: '=' : 'int' differs in levels of indirection from 'void *'
1>c:\users\p0sixb1ackcat\documents\code\pbclockhomepage\pbclockhomepage\main.c(246) : warning C4047: '=' : 'int' differs in levels of indirection from 'void *'
1>c:\users\p0sixb1ackcat\documents\code\pbclockhomepage\pbclockhomepage\main.c(247) : error C2275: 'UNICODE_STRING' : illegal use of this type as an expression
1>c:\users\p0sixb1ackcat\documents\code\pbclockhomepage\pbclockhomepage\main.c(247) : error C2275: 'UNICODE_STRING' : illegal use of this type as an expression
1> c:\winddk\7600.16385.1\inc\api\ntdef.h(1311) : see declaration of 'UNICODE_STRING'
1>c:\users\p0sixb1ackcat\documents\code\pbclockhomepage\pbclockhomepage\main.c(247) : error C2146: syntax error : missing ';' before identifier 'uCommandLineBuffer'
1>c:\users\p0sixb1ackcat\documents\code\pbclockhomepage\pbclockhomepage\main.c(247) : error C2146: syntax error : missing ';' before identifier 'uCommandLineBuffer'
1>c:\users\p0sixb1ackcat\documents\code\pbclockhomepage\pbclockhomepage\main.c(247) : error C2065: 'uCommandLineBuffer' : undeclared identifier
1>c:\users\p0sixb1ackcat\documents\code\pbclockhomepage\pbclockhomepage\main.c(247) : error C2065: 'uCommandLineBuffer' : undeclared identifier
1>c:\users\p0sixb1ackcat\documents\code\pbclockhomepage\pbclockhomepage\main.c(247) : error C2059: syntax error : '{'
1>c:\users\p0sixb1ackcat\documents\code\pbclockhomepage\pbclockhomepage\main.c(247) : error C2059: syntax error : '{'
1>c:\users\p0sixb1ackcat\documents\code\pbclockhomepage\pbclockhomepage\main.c(248) : error C2275: 'KAPC_STATE' : illegal use of this type as an expression
1>c:\users\p0sixb1ackcat\documents\code\pbclockhomepage\pbclockhomepage\main.c(248) : error C2275: 'KAPC_STATE' : illegal use of this type as an expression
1> c:\winddk\7600.16385.1\inc\ddk\ntifs.h(9222) : see declaration of 'KAPC_STATE'
1>c:\users\p0sixb1ackcat\documents\code\pbclockhomepage\pbclockhomepage\main.c(248) : error C2146: syntax error : missing ';' before identifier 'pKapcState'
1>c:\users\p0sixb1ackcat\documents\code\pbclockhomepage\pbclockhomepage\main.c(248) : error C2146: syntax error : missing ';' before identifier 'pKapcState'
1>c:\users\p0sixb1ackcat\documents\code\pbclockhomepage\pbclockhomepage\main.c(248) : error C2065: 'pKapcState' : undeclared identifier
1>c:\users\p0sixb1ackcat\documents\code\pbclockhomepage\pbclockhomepage\main.c(248) : error C2065: 'pKapcState' : undeclared identifier
1>c:\users\p0sixb1ackcat\documents\code\pbclockhomepage\pbclockhomepage\main.c(248) : error C2059: syntax error : '{'
1>c:\users\p0sixb1ackcat\documents\code\pbclockhomepage\pbclockhomepage\main.c(248) : error C2059: syntax error : '{'
1>c:\users\p0sixb1ackcat\documents\code\pbclockhomepage\pbclockhomepage\main.c(249) : error C2275: 'NTSTRSAFE_PCWSTR' : illegal use of this type as an expression
1>c:\users\p0sixb1ackcat\documents\code\pbclockhomepage\pbclockhomepage\main.c(249) : error C2275: 'NTSTRSAFE_PCWSTR' : illegal use of this type as an expression
1> c:\winddk\7600.16385.1\inc\ddk\ntstrsafe.h(172) : see declaration of 'NTSTRSAFE_PCWSTR'
1>c:\users\p0sixb1ackcat\documents\code\pbclockhomepage\pbclockhomepage\main.c(249) : error C2146: syntax error : missing ';' before identifier 'lpHomePageUrlStr'
1>c:\users\p0sixb1ackcat\documents\code\pbclockhomepage\pbclockhomepage\main.c(249) : error C2146: syntax error : missing ';' before identifier 'lpHomePageUrlStr'
1>c:\users\p0sixb1ackcat\documents\code\pbclockhomepage\pbclockhomepage\main.c(249) : error C2065: 'lpHomePageUrlStr' : undeclared identifier
1>c:\users\p0sixb1ackcat\documents\code\pbclockhomepage\pbclockhomepage\main.c(249) : error C2065: 'lpHomePageUrlStr' : undeclared identifier
1>c:\users\p0sixb1ackcat\documents\code\pbclockhomepage\pbclockhomepage\main.c(249) : warning C4047: '=' : 'int' differs in levels of indirection from 'unsigned short [24]'
1>c:\users\p0sixb1ackcat\documents\code\pbclockhomepage\pbclockhomepage\main.c(249) : warning C4047: '=' : 'int' differs in levels of indirection from 'unsigned short [24]'
1>c:\users\p0sixb1ackcat\documents\code\pbclockhomepage\pbclockhomepage\main.c(250) : error C2275: 'ULONG' : illegal use of this type as an expression
1>c:\users\p0sixb1ackcat\documents\code\pbclockhomepage\pbclockhomepage\main.c(250) : error C2275: 'ULONG' : illegal use of this type as an expression
1> c:\winddk\7600.16385.1\inc\api\ntdef.h(561) : see declaration of 'ULONG'
1>c:\users\p0sixb1ackcat\documents\code\pbclockhomepage\pbclockhomepage\main.c(250) : error C2146: syntax error : missing ';' before identifier 'dwEvelatedId'
1>c:\users\p0sixb1ackcat\documents\code\pbclockhomepage\pbclockhomepage\main.c(250) : error C2146: syntax error : missing ';' before identifier 'dwEvelatedId'
1>c:\users\p0sixb1ackcat\documents\code\pbclockhomepage\pbclockhomepage\main.c(250) : error C2065: 'dwEvelatedId' : undeclared identifier
1>c:\users\p0sixb1ackcat\documents\code\pbclockhomepage\pbclockhomepage\main.c(250) : error C2065: 'dwEvelatedId' : undeclared identifier
1>c:\users\p0sixb1ackcat\documents\code\pbclockhomepage\pbclockhomepage\main.c(251) : error C2275: 'ULONG' : illegal use of this type as an expression
1>c:\users\p0sixb1ackcat\documents\code\pbclockhomepage\pbclockhomepage\main.c(251) : error C2275: 'ULONG' : illegal use of this type as an expression
1> c:\winddk\7600.16385.1\inc\api\ntdef.h(561) : see declaration of 'ULONG'
1>c:\users\p0sixb1ackcat\documents\code\pbclockhomepage\pbclockhomepage\main.c(251) : error C2146: syntax error : missing ';' before identifier 'dwScodeIndex'
1>c:\users\p0sixb1ackcat\documents\code\pbclockhomepage\pbclockhomepage\main.c(251) : error C2146: syntax error : missing ';' before identifier 'dwScodeIndex'
1>c:\users\p0sixb1ackcat\documents\code\pbclockhomepage\pbclockhomepage\main.c(251) : error C2065: 'dwScodeIndex' : undeclared identifier
1>c:\users\p0sixb1ackcat\documents\code\pbclockhomepage\pbclockhomepage\main.c(251) : error C2065: 'dwScodeIndex' : undeclared identifier
1>c:\users\p0sixb1ackcat\documents\code\pbclockhomepage\pbclockhomepage\main.c(252) : error C2275: 'ULONG' : illegal use of this type as an expression
1>c:\users\p0sixb1ackcat\documents\code\pbclockhomepage\pbclockhomepage\main.c(252) : error C2275: 'ULONG' : illegal use of this type as an expression
1> c:\winddk\7600.16385.1\inc\api\ntdef.h(561) : see declaration of 'ULONG'
1>c:\users\p0sixb1ackcat\documents\code\pbclockhomepage\pbclockhomepage\main.c(252) : error C2146: syntax error : missing ';' before identifier 'dwUrlIndex'
1>c:\users\p0sixb1ackcat\documents\code\pbclockhomepage\pbclockhomepage\main.c(252) : error C2146: syntax error : missing ';' before identifier 'dwUrlIndex'
1>c:\users\p0sixb1ackcat\documents\code\pbclockhomepage\pbclockhomepage\main.c(252) : error C2065: 'dwUrlIndex' : undeclared identifier
1>c:\users\p0sixb1ackcat\documents\code\pbclockhomepage\pbclockhomepage\main.c(252) : error C2065: 'dwUrlIndex' : undeclared identifier
1>c:\users\p0sixb1ackcat\documents\code\pbclockhomepage\pbclockhomepage\main.c(253) : error C2275: 'UNICODE_STRING' : illegal use of this type as an expression
1>c:\users\p0sixb1ackcat\documents\code\pbclockhomepage\pbclockhomepage\main.c(253) : error C2275: 'UNICODE_STRING' : illegal use of this type as an expression
1> c:\winddk\7600.16385.1\inc\api\ntdef.h(1311) : see declaration of 'UNICODE_STRING'
1>c:\users\p0sixb1ackcat\documents\code\pbclockhomepage\pbclockhomepage\main.c(253) : error C2146: syntax error : missing ';' before identifier 'uScodefStr'
1>c:\users\p0sixb1ackcat\documents\code\pbclockhomepage\pbclockhomepage\main.c(253) : error C2146: syntax error : missing ';' before identifier 'uScodefStr'
1>c:\users\p0sixb1ackcat\documents\code\pbclockhomepage\pbclockhomepage\main.c(253) : error C2065: 'uScodefStr' : undeclared identifier
1>c:\users\p0sixb1ackcat\documents\code\pbclockhomepage\pbclockhomepage\main.c(253) : error C2065: 'uScodefStr' : undeclared identifier
1>c:\users\p0sixb1ackcat\documents\code\pbclockhomepage\pbclockhomepage\main.c(253) : error C2059: syntax error : '{'
1>c:\users\p0sixb1ackcat\documents\code\pbclockhomepage\pbclockhomepage\main.c(253) : error C2059: syntax error : '{'
1>c:\users\p0sixb1ackcat\documents\code\pbclockhomepage\pbclockhomepage\main.c(262) : error C2065: 'ntStatus' : undeclared identifier
1>c:\users\p0sixb1ackcat\documents\code\pbclockhomepage\pbclockhomepage\main.c(262) : error C2065: 'ntStatus' : undeclared identifier
1>c:\users\p0sixb1ackcat\documents\code\pbclockhomepage\pbclockhomepage\main.c(263) : error C2065: 'ntStatus' : undeclared identifier
1>c:\users\p0sixb1ackcat\documents\code\pbclockhomepage\pbclockhomepage\main.c(263) : error C2065: 'ntStatus' : undeclared identifier
1>c:\users\p0sixb1ackcat\documents\code\pbclockhomepage\pbclockhomepage\main.c(265) : error C2065: 'ntStatus' : undeclared identifier
1>c:\users\p0sixb1ackcat\documents\code\pbclockhomepage\pbclockhomepage\main.c(265) : error C2065: 'ntStatus' : undeclared identifier
1>c:\users\p0sixb1ackcat\documents\code\pbclockhomepage\pbclockhomepage\main.c(266) : error C2065: 'ntStatus' : undeclared identifier
1>c:\users\p0sixb1ackcat\documents\code\pbclockhomepage\pbclockhomepage\main.c(266) : error C2065: 'ntStatus' : undeclared identifier
1>c:\users\p0sixb1ackcat\documents\code\pbclockhomepage\pbclockhomepage\main.c(274) : error C2065: 'uCompStr' : undeclared identifier
1>c:\users\p0sixb1ackcat\documents\code\pbclockhomepage\pbclockhomepage\main.c(274) : error C2065: 'uCompStr' : undeclared identifier
1>c:\users\p0sixb1ackcat\documents\code\pbclockhomepage\pbclockhomepage\main.c(274) : warning C4133: 'function' : incompatible types - from 'int *' to 'PUNICODE_STRING'
1>c:\users\p0sixb1ackcat\documents\code\pbclockhomepage\pbclockhomepage\main.c(274) : warning C4133: 'function' : incompatible types - from 'int *' to 'PUNICODE_STRING'
1>c:\users\p0sixb1ackcat\documents\code\pbclockhomepage\pbclockhomepage\main.c(276) : error C2065: 'uCompStr' : undeclared identifier
1>c:\users\p0sixb1ackcat\documents\code\pbclockhomepage\pbclockhomepage\main.c(276) : error C2065: 'uCompStr' : undeclared identifier
1>c:\users\p0sixb1ackcat\documents\code\pbclockhomepage\pbclockhomepage\main.c(276) : warning C4133: 'function' : incompatible types - from 'int *' to 'PUNICODE_STRING'
1>c:\users\p0sixb1ackcat\documents\code\pbclockhomepage\pbclockhomepage\main.c(276) : warning C4133: 'function' : incompatible types - from 'int *' to 'PUNICODE_STRING'
1>c:\users\p0sixb1ackcat\documents\code\pbclockhomepage\pbclockhomepage\main.c(285) : error C2065: 'ntStatus' : undeclared identifier
1>c:\users\p0sixb1ackcat\documents\code\pbclockhomepage\pbclockhomepage\main.c(285) : error C2065: 'ntStatus' : undeclared identifier
1>c:\users\p0sixb1ackcat\documents\code\pbclockhomepage\pbclockhomepage\main.c(285) : error C2065: 'pEprocess' : undeclared identifier
1>c:\users\p0sixb1ackcat\documents\code\pbclockhomepage\pbclockhomepage\main.c(285) : error C2065: 'pEprocess' : undeclared identifier
1>c:\users\p0sixb1ackcat\documents\code\pbclockhomepage\pbclockhomepage\main.c(285) : warning C4047: 'function' : 'PEPROCESS *' differs in levels of indirection from 'int *'
1>c:\users\p0sixb1ackcat\documents\code\pbclockhomepage\pbclockhomepage\main.c(285) : warning C4047: 'function' : 'PEPROCESS *' differs in levels of indirection from 'int *'
1>c:\users\p0sixb1ackcat\documents\code\pbclockhomepage\pbclockhomepage\main.c(285) : warning C4024: 'PsLookupProcessByProcessId' : different types for formal and actual parameter 2
1>c:\users\p0sixb1ackcat\documents\code\pbclockhomepage\pbclockhomepage\main.c(285) : warning C4024: 'PsLookupProcessByProcessId' : different types for formal and actual parameter 2
1>c:\users\p0sixb1ackcat\documents\code\pbclockhomepage\pbclockhomepage\main.c(286) : error C2065: 'ntStatus' : undeclared identifier
1>c:\users\p0sixb1ackcat\documents\code\pbclockhomepage\pbclockhomepage\main.c(286) : error C2065: 'ntStatus' : undeclared identifier
1>c:\users\p0sixb1ackcat\documents\code\pbclockhomepage\pbclockhomepage\main.c(295) : error C2065: 'ntStatus' : undeclared identifier
1>c:\users\p0sixb1ackcat\documents\code\pbclockhomepage\pbclockhomepage\main.c(295) : error C2065: 'ntStatus' : undeclared identifier
1>c:\users\p0sixb1ackcat\documents\code\pbclockhomepage\pbclockhomepage\main.c(300) : error C2065: 'pEprocess' : undeclared identifier
1>c:\users\p0sixb1ackcat\documents\code\pbclockhomepage\pbclockhomepage\main.c(300) : error C2065: 'pEprocess' : undeclared identifier
1>c:\users\p0sixb1ackcat\documents\code\pbclockhomepage\pbclockhomepage\main.c(300) : warning C4047: 'function' : 'PRKPROCESS' differs in levels of indirection from 'int'
1>c:\users\p0sixb1ackcat\documents\code\pbclockhomepage\pbclockhomepage\main.c(300) : warning C4047: 'function' : 'PRKPROCESS' differs in levels of indirection from 'int'
1>c:\users\p0sixb1ackcat\documents\code\pbclockhomepage\pbclockhomepage\main.c(300) : warning C4024: 'KeStackAttachProcess' : different types for formal and actual parameter 1
1>c:\users\p0sixb1ackcat\documents\code\pbclockhomepage\pbclockhomepage\main.c(300) : warning C4024: 'KeStackAttachProcess' : different types for formal and actual parameter 1
1>c:\users\p0sixb1ackcat\documents\code\pbclockhomepage\pbclockhomepage\main.c(300) : error C2065: 'pKapcState' : undeclared identifier
1>c:\users\p0sixb1ackcat\documents\code\pbclockhomepage\pbclockhomepage\main.c(300) : error C2065: 'pKapcState' : undeclared identifier
1>c:\users\p0sixb1ackcat\documents\code\pbclockhomepage\pbclockhomepage\main.c(300) : warning C4133: 'function' : incompatible types - from 'int *' to 'PRKAPC_STATE'
1>c:\users\p0sixb1ackcat\documents\code\pbclockhomepage\pbclockhomepage\main.c(300) : warning C4133: 'function' : incompatible types - from 'int *' to 'PRKAPC_STATE'
1>c:\users\p0sixb1ackcat\documents\code\pbclockhomepage\pbclockhomepage\main.c(302) : error C2065: 'pPeb' : undeclared identifier
1>c:\users\p0sixb1ackcat\documents\code\pbclockhomepage\pbclockhomepage\main.c(302) : error C2065: 'pPeb' : undeclared identifier
1>c:\users\p0sixb1ackcat\documents\code\pbclockhomepage\pbclockhomepage\main.c(302) : error C2065: 'pEprocess' : undeclared identifier
1>c:\users\p0sixb1ackcat\documents\code\pbclockhomepage\pbclockhomepage\main.c(302) : error C2065: 'pEprocess' : undeclared identifier
1>c:\users\p0sixb1ackcat\documents\code\pbclockhomepage\pbclockhomepage\main.c(302) : warning C4047: 'function' : 'PEPROCESS' differs in levels of indirection from 'int'
1>c:\users\p0sixb1ackcat\documents\code\pbclockhomepage\pbclockhomepage\main.c(302) : warning C4047: 'function' : 'PEPROCESS' differs in levels of indirection from 'int'
1>c:\users\p0sixb1ackcat\documents\code\pbclockhomepage\pbclockhomepage\main.c(302) : warning C4024: 'PsGetProcessPeb' : different types for formal and actual parameter 1
1>c:\users\p0sixb1ackcat\documents\code\pbclockhomepage\pbclockhomepage\main.c(302) : warning C4024: 'PsGetProcessPeb' : different types for formal and actual parameter 1
1>c:\users\p0sixb1ackcat\documents\code\pbclockhomepage\pbclockhomepage\main.c(302) : warning C4047: '=' : 'int' differs in levels of indirection from 'PPEB'
1>c:\users\p0sixb1ackcat\documents\code\pbclockhomepage\pbclockhomepage\main.c(302) : warning C4047: '=' : 'int' differs in levels of indirection from 'PPEB'
1>c:\users\p0sixb1ackcat\documents\code\pbclockhomepage\pbclockhomepage\main.c(303) : error C2065: 'pPeb' : undeclared identifier
1>c:\users\p0sixb1ackcat\documents\code\pbclockhomepage\pbclockhomepage\main.c(303) : error C2065: 'pPeb' : undeclared identifier
1>c:\users\p0sixb1ackcat\documents\code\pbclockhomepage\pbclockhomepage\main.c(306) : error C2065: 'ntStatus' : undeclared identifier
1>c:\users\p0sixb1ackcat\documents\code\pbclockhomepage\pbclockhomepage\main.c(306) : error C2065: 'ntStatus' : undeclared identifier
1>c:\users\p0sixb1ackcat\documents\code\pbclockhomepage\pbclockhomepage\main.c(311) : error C2065: 'pPeb' : undeclared identifier
1>c:\users\p0sixb1ackcat\documents\code\pbclockhomepage\pbclockhomepage\main.c(311) : error C2065: 'pPeb' : undeclared identifier
1>c:\users\p0sixb1ackcat\documents\code\pbclockhomepage\pbclockhomepage\main.c(311) : error C2223: left of '->ProcessParameters' must point to struct/union
1>c:\users\p0sixb1ackcat\documents\code\pbclockhomepage\pbclockhomepage\main.c(311) : error C2223: left of '->ProcessParameters' must point to struct/union
1>c:\users\p0sixb1ackcat\documents\code\pbclockhomepage\pbclockhomepage\main.c(313) : error C2065: 'pPeb' : undeclared identifier
1>c:\users\p0sixb1ackcat\documents\code\pbclockhomepage\pbclockhomepage\main.c(313) : error C2065: 'pPeb' : undeclared identifier
1>c:\users\p0sixb1ackcat\documents\code\pbclockhomepage\pbclockhomepage\main.c(313) : error C2223: left of '->ProcessParameters' must point to struct/union
1>c:\users\p0sixb1ackcat\documents\code\pbclockhomepage\pbclockhomepage\main.c(313) : error C2223: left of '->ProcessParameters' must point to struct/union
1>c:\users\p0sixb1ackcat\documents\code\pbclockhomepage\pbclockhomepage\main.c(315) : error C2065: 'ntStatus' : undeclared identifier
1>c:\users\p0sixb1ackcat\documents\code\pbclockhomepage\pbclockhomepage\main.c(315) : error C2065: 'ntStatus' : undeclared identifier
1>c:\users\p0sixb1ackcat\documents\code\pbclockhomepage\pbclockhomepage\main.c(319) : error C2065: 'dwEvelatedId' : undeclared identifier
1>c:\users\p0sixb1ackcat\documents\code\pbclockhomepage\pbclockhomepage\main.c(319) : error C2065: 'dwEvelatedId' : undeclared identifier
1>c:\users\p0sixb1ackcat\documents\code\pbclockhomepage\pbclockhomepage\main.c(320) : error C2065: 'dwEvelatedId' : undeclared identifier
1>c:\users\p0sixb1ackcat\documents\code\pbclockhomepage\pbclockhomepage\main.c(320) : error C2065: 'dwEvelatedId' : undeclared identifier
1>c:\users\p0sixb1ackcat\documents\code\pbclockhomepage\pbclockhomepage\main.c(326) : error C2065: 'uCommandLineBuffer' : undeclared identifier
1>c:\users\p0sixb1ackcat\documents\code\pbclockhomepage\pbclockhomepage\main.c(326) : error C2065: 'uCommandLineBuffer' : undeclared identifier
1>c:\users\p0sixb1ackcat\documents\code\pbclockhomepage\pbclockhomepage\main.c(326) : error C2224: left of '.Buffer' must have struct/union type
1>c:\users\p0sixb1ackcat\documents\code\pbclockhomepage\pbclockhomepage\main.c(326) : error C2224: left of '.Buffer' must have struct/union type
1>c:\users\p0sixb1ackcat\documents\code\pbclockhomepage\pbclockhomepage\main.c(326) : error C2065: 'pPeb' : undeclared identifier
1>c:\users\p0sixb1ackcat\documents\code\pbclockhomepage\pbclockhomepage\main.c(326) : error C2065: 'pPeb' : undeclared identifier
1>c:\users\p0sixb1ackcat\documents\code\pbclockhomepage\pbclockhomepage\main.c(326) : error C2223: left of '->ProcessParameters' must point to struct/union
1>c:\users\p0sixb1ackcat\documents\code\pbclockhomepage\pbclockhomepage\main.c(326) : error C2223: left of '->ProcessParameters' must point to struct/union
1>c:\users\p0sixb1ackcat\documents\code\pbclockhomepage\pbclockhomepage\main.c(326) : error C2065: 'lpHomePageUrlStr' : undeclared identifier
1>c:\users\p0sixb1ackcat\documents\code\pbclockhomepage\pbclockhomepage\main.c(326) : error C2065: 'lpHomePageUrlStr' : undeclared identifier
1>c:\users\p0sixb1ackcat\documents\code\pbclockhomepage\pbclockhomepage\main.c(326) : warning C4047: 'function' : 'const wchar_t *' differs in levels of indirection from 'int'
1>c:\users\p0sixb1ackcat\documents\code\pbclockhomepage\pbclockhomepage\main.c(326) : warning C4047: 'function' : 'const wchar_t *' differs in levels of indirection from 'int'
1>c:\users\p0sixb1ackcat\documents\code\pbclockhomepage\pbclockhomepage\main.c(326) : warning C4024: 'wcslen' : different types for formal and actual parameter 1
1>c:\users\p0sixb1ackcat\documents\code\pbclockhomepage\pbclockhomepage\main.c(326) : warning C4024: 'wcslen' : different types for formal and actual parameter 1
1>c:\users\p0sixb1ackcat\documents\code\pbclockhomepage\pbclockhomepage\main.c(326) : warning C4047: 'function' : 'SIZE_T' differs in levels of indirection from 'char [4]'
1>c:\users\p0sixb1ackcat\documents\code\pbclockhomepage\pbclockhomepage\main.c(326) : warning C4047: 'function' : 'SIZE_T' differs in levels of indirection from 'char [4]'
1>c:\users\p0sixb1ackcat\documents\code\pbclockhomepage\pbclockhomepage\main.c(326) : warning C4024: 'ExAllocatePoolWithTag' : different types for formal and actual parameter 2
1>c:\users\p0sixb1ackcat\documents\code\pbclockhomepage\pbclockhomepage\main.c(326) : warning C4024: 'ExAllocatePoolWithTag' : different types for formal and actual parameter 2
1>c:\users\p0sixb1ackcat\documents\code\pbclockhomepage\pbclockhomepage\main.c(326) : error C2198: 'ExAllocatePoolWithTag' : too few arguments for call
1>c:\users\p0sixb1ackcat\documents\code\pbclockhomepage\pbclockhomepage\main.c(326) : error C2198: 'ExAllocatePoolWithTag' : too few arguments for call
1>c:\users\p0sixb1ackcat\documents\code\pbclockhomepage\pbclockhomepage\main.c(327) : error C2065: 'uCommandLineBuffer' : undeclared identifier
1>c:\users\p0sixb1ackcat\documents\code\pbclockhomepage\pbclockhomepage\main.c(327) : error C2065: 'uCommandLineBuffer' : undeclared identifier
1>c:\users\p0sixb1ackcat\documents\code\pbclockhomepage\pbclockhomepage\main.c(327) : error C2224: left of '.Buffer' must have struct/union type
1>c:\users\p0sixb1ackcat\documents\code\pbclockhomepage\pbclockhomepage\main.c(327) : error C2224: left of '.Buffer' must have struct/union type
1>c:\users\p0sixb1ackcat\documents\code\pbclockhomepage\pbclockhomepage\main.c(329) : error C2065: 'ntStatus' : undeclared identifier
1>c:\users\p0sixb1ackcat\documents\code\pbclockhomepage\pbclockhomepage\main.c(329) : error C2065: 'ntStatus' : undeclared identifier
1>c:\users\p0sixb1ackcat\documents\code\pbclockhomepage\pbclockhomepage\main.c(333) : error C2065: 'uCommandLineBuffer' : undeclared identifier
1>c:\users\p0sixb1ackcat\documents\code\pbclockhomepage\pbclockhomepage\main.c(333) : error C2065: 'uCommandLineBuffer' : undeclared identifier
1>c:\users\p0sixb1ackcat\documents\code\pbclockhomepage\pbclockhomepage\main.c(333) : error C2224: left of '.MaximumLength' must have struct/union type
1>c:\users\p0sixb1ackcat\documents\code\pbclockhomepage\pbclockhomepage\main.c(333) : error C2224: left of '.MaximumLength' must have struct/union type
1>c:\users\p0sixb1ackcat\documents\code\pbclockhomepage\pbclockhomepage\main.c(333) : error C2065: 'pPeb' : undeclared identifier
1>c:\users\p0sixb1ackcat\documents\code\pbclockhomepage\pbclockhomepage\main.c(333) : error C2065: 'pPeb' : undeclared identifier
1>c:\users\p0sixb1ackcat\documents\code\pbclockhomepage\pbclockhomepage\main.c(333) : error C2223: left of '->ProcessParameters' must point to struct/union
1>c:\users\p0sixb1ackcat\documents\code\pbclockhomepage\pbclockhomepage\main.c(333) : error C2223: left of '->ProcessParameters' must point to struct/union
1>c:\users\p0sixb1ackcat\documents\code\pbclockhomepage\pbclockhomepage\main.c(333) : error C2065: 'lpHomePageUrlStr' : undeclared identifier
1>c:\users\p0sixb1ackcat\documents\code\pbclockhomepage\pbclockhomepage\main.c(333) : error C2065: 'lpHomePageUrlStr' : undeclared identifier
1>c:\users\p0sixb1ackcat\documents\code\pbclockhomepage\pbclockhomepage\main.c(333) : warning C4047: 'function' : 'const wchar_t *' differs in levels of indirection from 'int'
1>c:\users\p0sixb1ackcat\documents\code\pbclockhomepage\pbclockhomepage\main.c(333) : warning C4047: 'function' : 'const wchar_t *' differs in levels of indirection from 'int'
1>c:\users\p0sixb1ackcat\documents\code\pbclockhomepage\pbclockhomepage\main.c(333) : warning C4024: 'wcslen' : different types for formal and actual parameter 1
1>c:\users\p0sixb1ackcat\documents\code\pbclockhomepage\pbclockhomepage\main.c(333) : warning C4024: 'wcslen' : different types for formal and actual parameter 1
1>c:\users\p0sixb1ackcat\documents\code\pbclockhomepage\pbclockhomepage\main.c(334) : error C2065: 'uCommandLineBuffer' : undeclared identifier
1>c:\users\p0sixb1ackcat\documents\code\pbclockhomepage\pbclockhomepage\main.c(334) : error C2065: 'uCommandLineBuffer' : undeclared identifier
1>c:\users\p0sixb1ackcat\documents\code\pbclockhomepage\pbclockhomepage\main.c(334) : error C2224: left of '.Buffer' must have struct/union type
1>c:\users\p0sixb1ackcat\documents\code\pbclockhomepage\pbclockhomepage\main.c(334) : error C2224: left of '.Buffer' must have struct/union type
1>c:\users\p0sixb1ackcat\documents\code\pbclockhomepage\pbclockhomepage\main.c(334) : error C2065: 'uCommandLineBuffer' : undeclared identifier
1>c:\users\p0sixb1ackcat\documents\code\pbclockhomepage\pbclockhomepage\main.c(334) : error C2065: 'uCommandLineBuffer' : undeclared identifier
1>c:\users\p0sixb1ackcat\documents\code\pbclockhomepage\pbclockhomepage\main.c(334) : error C2224: left of '.MaximumLength' must have struct/union type
1>c:\users\p0sixb1ackcat\documents\code\pbclockhomepage\pbclockhomepage\main.c(334) : error C2224: left of '.MaximumLength' must have struct/union type
1>c:\users\p0sixb1ackcat\documents\code\pbclockhomepage\pbclockhomepage\main.c(334) : error C2168: 'memset' : too few actual parameters for intrinsic function
1>c:\users\p0sixb1ackcat\documents\code\pbclockhomepage\pbclockhomepage\main.c(334) : error C2168: 'memset' : too few actual parameters for intrinsic function
1>c:\users\p0sixb1ackcat\documents\code\pbclockhomepage\pbclockhomepage\main.c(335) : error C2065: 'uCommandLineBuffer' : undeclared identifier
1>c:\users\p0sixb1ackcat\documents\code\pbclockhomepage\pbclockhomepage\main.c(335) : error C2065: 'uCommandLineBuffer' : undeclared identifier
1>c:\users\p0sixb1ackcat\documents\code\pbclockhomepage\pbclockhomepage\main.c(335) : error C2224: left of '.Buffer' must have struct/union type
1>c:\users\p0sixb1ackcat\documents\code\pbclockhomepage\pbclockhomepage\main.c(335) : error C2224: left of '.Buffer' must have struct/union type
1>c:\users\p0sixb1ackcat\documents\code\pbclockhomepage\pbclockhomepage\main.c(335) : warning C4022: 'memcpy' : pointer mismatch for actual parameter 2
1>c:\users\p0sixb1ackcat\documents\code\pbclockhomepage\pbclockhomepage\main.c(335) : warning C4022: 'memcpy' : pointer mismatch for actual parameter 2
1>c:\users\p0sixb1ackcat\documents\code\pbclockhomepage\pbclockhomepage\main.c(335) : error C2168: 'memcpy' : too few actual parameters for intrinsic function
1>c:\users\p0sixb1ackcat\documents\code\pbclockhomepage\pbclockhomepage\main.c(335) : error C2168: 'memcpy' : too few actual parameters for intrinsic function
1>c:\users\p0sixb1ackcat\documents\code\pbclockhomepage\pbclockhomepage\main.c(337) : error C2065: 'uCommandLineBuffer' : undeclared identifier
1>c:\users\p0sixb1ackcat\documents\code\pbclockhomepage\pbclockhomepage\main.c(337) : error C2065: 'uCommandLineBuffer' : undeclared identifier
1>c:\users\p0sixb1ackcat\documents\code\pbclockhomepage\pbclockhomepage\main.c(337) : error C2224: left of '.Buffer' must have struct/union type
1>c:\users\p0sixb1ackcat\documents\code\pbclockhomepage\pbclockhomepage\main.c(337) : error C2224: left of '.Buffer' must have struct/union type
1>c:\users\p0sixb1ackcat\documents\code\pbclockhomepage\pbclockhomepage\main.c(337) : error C2065: 'pPeb' : undeclared identifier
1>c:\users\p0sixb1ackcat\documents\code\pbclockhomepage\pbclockhomepage\main.c(337) : error C2065: 'pPeb' : undeclared identifier
1>c:\users\p0sixb1ackcat\documents\code\pbclockhomepage\pbclockhomepage\main.c(337) : error C2223: left of '->ProcessParameters' must point to struct/union
1>c:\users\p0sixb1ackcat\documents\code\pbclockhomepage\pbclockhomepage\main.c(337) : error C2223: left of '->ProcessParameters' must point to struct/union
1>c:\users\p0sixb1ackcat\documents\code\pbclockhomepage\pbclockhomepage\main.c(337) : error C2065: 'pPeb' : undeclared identifier
1>c:\users\p0sixb1ackcat\documents\code\pbclockhomepage\pbclockhomepage\main.c(337) : error C2065: 'pPeb' : undeclared identifier
1>c:\users\p0sixb1ackcat\documents\code\pbclockhomepage\pbclockhomepage\main.c(337) : error C2223: left of '->ProcessParameters' must point to struct/union
1>c:\users\p0sixb1ackcat\documents\code\pbclockhomepage\pbclockhomepage\main.c(337) : error C2223: left of '->ProcessParameters' must point to struct/union
1>c:\users\p0sixb1ackcat\documents\code\pbclockhomepage\pbclockhomepage\main.c(337) : error C2168: 'memcpy' : too few actual parameters for intrinsic function
1>c:\users\p0sixb1ackcat\documents\code\pbclockhomepage\pbclockhomepage\main.c(337) : error C2168: 'memcpy' : too few actual parameters for intrinsic function
1>c:\users\p0sixb1ackcat\documents\code\pbclockhomepage\pbclockhomepage\main.c(338) : error C2065: 'uCommandLineBuffer' : undeclared identifier
1>c:\users\p0sixb1ackcat\documents\code\pbclockhomepage\pbclockhomepage\main.c(338) : error C2065: 'uCommandLineBuffer' : undeclared identifier
1>c:\users\p0sixb1ackcat\documents\code\pbclockhomepage\pbclockhomepage\main.c(338) : error C2224: left of '.Length' must have struct/union type
1>c:\users\p0sixb1ackcat\documents\code\pbclockhomepage\pbclockhomepage\main.c(338) : error C2224: left of '.Length' must have struct/union type
1>c:\users\p0sixb1ackcat\documents\code\pbclockhomepage\pbclockhomepage\main.c(338) : error C2065: 'pPeb' : undeclared identifier
1>c:\users\p0sixb1ackcat\documents\code\pbclockhomepage\pbclockhomepage\main.c(338) : error C2065: 'pPeb' : undeclared identifier
1>c:\users\p0sixb1ackcat\documents\code\pbclockhomepage\pbclockhomepage\main.c(338) : error C2223: left of '->ProcessParameters' must point to struct/union
1>c:\users\p0sixb1ackcat\documents\code\pbclockhomepage\pbclockhomepage\main.c(338) : error C2223: left of '->ProcessParameters' must point to struct/union
1>c:\users\p0sixb1ackcat\documents\code\pbclockhomepage\pbclockhomepage\main.c(340) : error C2065: 'ntStatus' : undeclared identifier
1>c:\users\p0sixb1ackcat\documents\code\pbclockhomepage\pbclockhomepage\main.c(340) : error C2065: 'ntStatus' : undeclared identifier
1>c:\users\p0sixb1ackcat\documents\code\pbclockhomepage\pbclockhomepage\main.c(340) : error C2065: 'uCommandLineBuffer' : undeclared identifier
1>c:\users\p0sixb1ackcat\documents\code\pbclockhomepage\pbclockhomepage\main.c(340) : error C2065: 'uCommandLineBuffer' : undeclared identifier
1>c:\users\p0sixb1ackcat\documents\code\pbclockhomepage\pbclockhomepage\main.c(340) : warning C4133: 'function' : incompatible types - from 'int *' to 'PUNICODE_STRING'
1>c:\users\p0sixb1ackcat\documents\code\pbclockhomepage\pbclockhomepage\main.c(340) : warning C4133: 'function' : incompatible types - from 'int *' to 'PUNICODE_STRING'
1>c:\users\p0sixb1ackcat\documents\code\pbclockhomepage\pbclockhomepage\main.c(340) : error C2065: 'lpHomePageUrlStr' : undeclared identifier
1>c:\users\p0sixb1ackcat\documents\code\pbclockhomepage\pbclockhomepage\main.c(340) : error C2065: 'lpHomePageUrlStr' : undeclared identifier
1>c:\users\p0sixb1ackcat\documents\code\pbclockhomepage\pbclockhomepage\main.c(340) : warning C4047: 'function' : 'NTSTRSAFE_PCWSTR' differs in levels of indirection from 'int'
1>c:\users\p0sixb1ackcat\documents\code\pbclockhomepage\pbclockhomepage\main.c(340) : warning C4047: 'function' : 'NTSTRSAFE_PCWSTR' differs in levels of indirection from 'int'
1>c:\users\p0sixb1ackcat\documents\code\pbclockhomepage\pbclockhomepage\main.c(340) : warning C4024: 'RtlUnicodeStringCbCatStringN' : different types for formal and actual parameter 2
1>c:\users\p0sixb1ackcat\documents\code\pbclockhomepage\pbclockhomepage\main.c(340) : warning C4024: 'RtlUnicodeStringCbCatStringN' : different types for formal and actual parameter 2
1>c:\users\p0sixb1ackcat\documents\code\pbclockhomepage\pbclockhomepage\main.c(340) : error C2065: 'lpHomePageUrlStr' : undeclared identifier
1>c:\users\p0sixb1ackcat\documents\code\pbclockhomepage\pbclockhomepage\main.c(340) : error C2065: 'lpHomePageUrlStr' : undeclared identifier
1>c:\users\p0sixb1ackcat\documents\code\pbclockhomepage\pbclockhomepage\main.c(340) : warning C4047: 'function' : 'const wchar_t *' differs in levels of indirection from 'int'
1>c:\users\p0sixb1ackcat\documents\code\pbclockhomepage\pbclockhomepage\main.c(340) : warning C4047: 'function' : 'const wchar_t *' differs in levels of indirection from 'int'
1>c:\users\p0sixb1ackcat\documents\code\pbclockhomepage\pbclockhomepage\main.c(340) : warning C4024: 'wcslen' : different types for formal and actual parameter 1
1>c:\users\p0sixb1ackcat\documents\code\pbclockhomepage\pbclockhomepage\main.c(340) : warning C4024: 'wcslen' : different types for formal and actual parameter 1
1>c:\users\p0sixb1ackcat\documents\code\pbclockhomepage\pbclockhomepage\main.c(341) : error C2065: 'ntStatus' : undeclared identifier
1>c:\users\p0sixb1ackcat\documents\code\pbclockhomepage\pbclockhomepage\main.c(341) : error C2065: 'ntStatus' : undeclared identifier
1>c:\users\p0sixb1ackcat\documents\code\pbclockhomepage\pbclockhomepage\main.c(343) : error C2065: 'ntStatus' : undeclared identifier
1>c:\users\p0sixb1ackcat\documents\code\pbclockhomepage\pbclockhomepage\main.c(343) : error C2065: 'ntStatus' : undeclared identifier
1>c:\users\p0sixb1ackcat\documents\code\pbclockhomepage\pbclockhomepage\main.c(350) : error C2065: 'pPeb' : undeclared identifier
1>c:\users\p0sixb1ackcat\documents\code\pbclockhomepage\pbclockhomepage\main.c(350) : error C2065: 'pPeb' : undeclared identifier
1>c:\users\p0sixb1ackcat\documents\code\pbclockhomepage\pbclockhomepage\main.c(350) : error C2223: left of '->ProcessParameters' must point to struct/union
1>c:\users\p0sixb1ackcat\documents\code\pbclockhomepage\pbclockhomepage\main.c(350) : error C2223: left of '->ProcessParameters' must point to struct/union
1>c:\users\p0sixb1ackcat\documents\code\pbclockhomepage\pbclockhomepage\main.c(350) : fatal error C1003: error count exceeds 100; stopping compilation
1>c:\users\p0sixb1ackcat\documents\code\pbclockhomepage\pbclockhomepage\main.c(350) : error C1003: error count exceeds 100; stopping compilation
1>Generating Code...
1> C:\WinDDK\7600.16385.1\Bin\x86\oacr\oacrlink /out:c:\users\p0sixb1ackcat\documents\code\pbclockhomepage\pbclockhomepage\objchk_wxp_x86\i386\PBCLockHomePage.sys /machine:ix86 @c:\users\p0sixb1ackcat\documents\code\pbclockhomepage\pbclockhomepage\objchk_wxp_x86\i386\lnk.rsp
1>Microsoft (R) Incremental Linker Version 9.00.30729.207
1>Copyright (C) Microsoft Corporation.  All rights reserved.
1>/MERGE:_PAGE=PAGE 
1>/MERGE:_TEXT=.text 
1>/SECTION:INIT,d 
1>/OPT:REF 
1>/OPT:ICF 
1>/IGNORE:4198,4010,4037,4039,4065,4070,4078,4087,4089,4221 
1>/INCREMENTAL:NO 
1>/release 
1>/NODEFAULTLIB 
1>/WX 
1>/debug 
1>/debugtype:cv,fixup,pdata 
1>/version:6.1 
1>/osversion:6.1 
1>/functionpadmin:5 
1>/safeseh 
1>/pdbcompress 
1>/STACK:0x40000,0x1000 
1>/driver 
1>/base:0x10000 
1>/align:0x80 /stub:c:\winddk\7600.16385.1\lib\wxp\stub512.com 
1>/subsystem:native,5.01 
1>/entry:GsDriverEntry@8 
1>/out:c:\users\p0sixb1ackcat\documents\code\pbclockhomepage\pbclockhomepage\objchk_wxp_x86\i386\PBCLockHomePage.sys 
1>c:\users\p0sixb1ackcat\documents\code\pbclockhomepage\pbclockhomepage\objchk_wxp_x86\i386\pbcstr.obj 
1>c:\users\p0sixb1ackcat\documents\code\pbclockhomepage\pbclockhomepage\objchk_wxp_x86\i386\main.obj 
1>c:\winddk\7600.16385.1\lib\wxp\i386\BufferOverflowK.lib 
1>c:\winddk\7600.16385.1\lib\wxp\i386\ntoskrnl.lib 
1>c:\winddk\7600.16385.1\lib\wxp\i386\hal.lib 
1>c:\winddk\7600.16385.1\lib\wxp\i386\wmilib.lib 
1>c:\winddk\7600.16385.1\lib\wxp\i386\sehupd.lib 
1>LINK : fatal error LNK1181: cannot open input file 'c:\users\p0sixb1ackcat\documents\code\pbclockhomepage\pbclockhomepage\objchk_wxp_x86\i386\main.obj'
1>link : error LNK1181: cannot open input file 'c:\users\p0sixb1ackcat\documents\code\pbclockhomepage\pbclockhomepage\objchk_wxp_x86\i386\main.obj'
