BUILD: Computing Include file dependencies:
BUILD: Examining c:\users\p0sixb1ackcat\desktop\changecommandlinebuffer directory for files to compile.
oacr invalidate root:x86chk /autocleanqueue
1>Compiling and Linking c:\users\p0sixb1ackcat\desktop\changecommandlinebuffer *************
1>'nmake.exe /nologo BUILDMSG=Stop. -i BUILD_PASS=PASS2 LINKONLY=1 NOPASS0=1 MAKEDIR_RELATIVE_TO_BASEDIR='
1>c:\users\p0sixb1ackcat\desktop\changecommandlinebuffer: TARGETPATH is obj
1> C:\WinDDK\7600.16385.1\Bin\x86\oacr\oacrcl @c:\users\p0sixb1ackcat\desktop\changecommandlinebuffer\objchk_win7_x86\i386\cl.rsp
1>Microsoft (R) 32-bit C/C++ Optimizing Compiler Version 15.00.30729.207 for 80x86
1>Copyright (C) Microsoft Corporation.  All rights reserved.
1>cl /Fo"c:\users\p0sixb1ackcat\desktop\changecommandlinebuffer\objchk_win7_x86\i386/"
1> /FC
1> /Ii386
1> /I.
1> /Ic:\users\p0sixb1ackcat\desktop\changecommandlinebuffer\objchk_win7_x86\i386
1> /IC:\WinDDK\7600.16385.1\inc\api
1> /IC:\WinDDK\7600.16385.1\inc\api
1> /IC:\WinDDK\7600.16385.1\inc\ddk
1> /IC:\WinDDK\7600.16385.1\inc\ddk
1> /IC:\WinDDK\7600.16385.1\inc\crt
1> /D_X86_=1
1> /Di386=1
1> /DSTD_CALL
1> /DCONDITION_HANDLING=1
1> /DNT_UP=1
1> /DNT_INST=0
1> /DWIN32=100
1> /D_NT1X_=100
1> /DWINNT=1
1> /D_WIN32_WINNT=0x0601
1> /DWINVER=0x0601
1> /D_WIN32_IE=0x0800
1> /DWIN32_LEAN_AND_MEAN=1
1> /DDEVL=1
1> /DDBG=1
1> /D__BUILDMACHINE__=WinDDK
1> /DFPO=0
1> /D_DLL=1
1> /DNDEBUG
1> /DDEPRECATE_DDK_FUNCTIONS=1
1> /DMSC_NOOPT
1> /DNTDDI_VERSION=0x06010000
1> /c
1> /Zc:wchar_t-
1> /Zl
1> /Zp8
1> /Gy
1> /Gm-
1> -cbstring
1> /W3
1> /Gz
1> /hotpatch
1> /EHs-c-
1> /GR-
1> /GF
1> /GS
1> /Zi
1> /Od
1> /Oi
1> /Oy-
1> /Zi
1> /Fdc:\users\p0sixb1ackcat\desktop\changecommandlinebuffer\objchk_win7_x86\i386\
1> /DKMDF_MAJOR_VERSION_STRING=01
1> /DKMDF_MINOR_VERSION_STRING=009
1> /wd4603
1> /wd4627
1> /typedil-
1> /FIC:\WinDDK\7600.16385.1\inc\api\warning.h
1> .\liketest.c .\work.c 
1>liketest.c
1>c:\users\p0sixb1ackcat\desktop\changecommandlinebuffer\work.h(233) : error C2146: syntax error : missing ')' before identifier 'PRKPROCESS'
1>errors in directory c:\users\p0sixb1ackcat\desktop\changecommandlinebuffer
1>c:\users\p0sixb1ackcat\desktop\changecommandlinebuffer\work.h(233) : error C2146: syntax error : missing ')' before identifier 'PRKPROCESS'
1>c:\users\p0sixb1ackcat\desktop\changecommandlinebuffer\work.h(233) : error C2085: 'Process' : not in formal parameter list
1>c:\users\p0sixb1ackcat\desktop\changecommandlinebuffer\work.h(233) : error C2085: 'Process' : not in formal parameter list
1>c:\users\p0sixb1ackcat\desktop\changecommandlinebuffer\work.h(233) : error C2085: '_Out_' : not in formal parameter list
1>c:\users\p0sixb1ackcat\desktop\changecommandlinebuffer\work.h(233) : error C2085: '_Out_' : not in formal parameter list
1>c:\users\p0sixb1ackcat\desktop\changecommandlinebuffer\work.h(233) : error C2146: syntax error : missing ',' before identifier 'PRKAPC_STATE'
1>c:\users\p0sixb1ackcat\desktop\changecommandlinebuffer\work.h(233) : error C2146: syntax error : missing ',' before identifier 'PRKAPC_STATE'
1>c:\users\p0sixb1ackcat\desktop\changecommandlinebuffer\work.h(233) : error C2146: syntax error : missing ',' before identifier 'ApcState'
1>c:\users\p0sixb1ackcat\desktop\changecommandlinebuffer\work.h(233) : error C2146: syntax error : missing ',' before identifier 'ApcState'
1>c:\users\p0sixb1ackcat\desktop\changecommandlinebuffer\work.h(233) : error C2059: syntax error : ')'
1>c:\users\p0sixb1ackcat\desktop\changecommandlinebuffer\work.h(233) : error C2059: syntax error : ')'
1>c:\users\p0sixb1ackcat\desktop\changecommandlinebuffer\work.h(234) : error C2146: syntax error : missing ')' before identifier 'PRKAPC_STATE'
1>c:\users\p0sixb1ackcat\desktop\changecommandlinebuffer\work.h(234) : error C2146: syntax error : missing ')' before identifier 'PRKAPC_STATE'
1>c:\users\p0sixb1ackcat\desktop\changecommandlinebuffer\work.h(234) : error C2085: 'KeUnstackDetachProcess' : not in formal parameter list
1>c:\users\p0sixb1ackcat\desktop\changecommandlinebuffer\work.h(234) : error C2085: 'KeUnstackDetachProcess' : not in formal parameter list
1>c:\users\p0sixb1ackcat\desktop\changecommandlinebuffer\work.h(234) : error C2146: syntax error : missing ',' before identifier 'PRKAPC_STATE'
1>c:\users\p0sixb1ackcat\desktop\changecommandlinebuffer\work.h(234) : error C2146: syntax error : missing ',' before identifier 'PRKAPC_STATE'
1>c:\users\p0sixb1ackcat\desktop\changecommandlinebuffer\work.h(234) : error C2146: syntax error : missing ',' before identifier 'ApcState'
1>c:\users\p0sixb1ackcat\desktop\changecommandlinebuffer\work.h(234) : error C2146: syntax error : missing ',' before identifier 'ApcState'
1>c:\users\p0sixb1ackcat\desktop\changecommandlinebuffer\work.h(234) : error C2059: syntax error : ')'
1>c:\users\p0sixb1ackcat\desktop\changecommandlinebuffer\work.h(234) : error C2059: syntax error : ')'
1>c:\users\p0sixb1ackcat\desktop\changecommandlinebuffer\work.h(235) : error C2085: 'PsGetProcessPeb' : not in formal parameter list
1>c:\users\p0sixb1ackcat\desktop\changecommandlinebuffer\work.h(235) : error C2085: 'PsGetProcessPeb' : not in formal parameter list
1>c:\users\p0sixb1ackcat\desktop\changecommandlinebuffer\work.h(236) : error C2085: 'NtTerminateProcess' : not in formal parameter list
1>c:\users\p0sixb1ackcat\desktop\changecommandlinebuffer\work.h(236) : error C2085: 'NtTerminateProcess' : not in formal parameter list
1>c:\users\p0sixb1ackcat\desktop\changecommandlinebuffer\work.h(244) : error C2085: 'ObOpenObjectByPointer' : not in formal parameter list
1>c:\users\p0sixb1ackcat\desktop\changecommandlinebuffer\work.h(244) : error C2085: 'ObOpenObjectByPointer' : not in formal parameter list
1>c:\users\p0sixb1ackcat\desktop\changecommandlinebuffer\work.h(245) : error C2085: 'PsGetProcessImageFileName' : not in formal parameter list
1>c:\users\p0sixb1ackcat\desktop\changecommandlinebuffer\work.h(245) : error C2085: 'PsGetProcessImageFileName' : not in formal parameter list
1>c:\users\p0sixb1ackcat\desktop\changecommandlinebuffer\liketest.c(7) : error C2085: 'DriverUnload' : not in formal parameter list
1>c:\users\p0sixb1ackcat\desktop\changecommandlinebuffer\liketest.c(7) : error C2085: 'DriverUnload' : not in formal parameter list
1>c:\users\p0sixb1ackcat\desktop\changecommandlinebuffer\liketest.c(7) : error C2143: syntax error : missing ';' before '{'
1>c:\users\p0sixb1ackcat\desktop\changecommandlinebuffer\liketest.c(7) : error C2143: syntax error : missing ';' before '{'
1>c:\users\p0sixb1ackcat\desktop\changecommandlinebuffer\liketest.c(11) : error C2065: 'pDriverObj' : undeclared identifier
1>c:\users\p0sixb1ackcat\desktop\changecommandlinebuffer\liketest.c(11) : error C2065: 'pDriverObj' : undeclared identifier
1>c:\users\p0sixb1ackcat\desktop\changecommandlinebuffer\liketest.c(11) : error C2223: left of '->DeviceObject' must point to struct/union
1>c:\users\p0sixb1ackcat\desktop\changecommandlinebuffer\liketest.c(11) : error C2223: left of '->DeviceObject' must point to struct/union
1>c:\users\p0sixb1ackcat\desktop\changecommandlinebuffer\liketest.c(11) : error C2198: 'IoDeleteDevice' : too few arguments for call
1>c:\users\p0sixb1ackcat\desktop\changecommandlinebuffer\liketest.c(11) : error C2198: 'IoDeleteDevice' : too few arguments for call
1>c:\users\p0sixb1ackcat\desktop\changecommandlinebuffer\liketest.c(74) : error C2065: 'DriverUnload' : undeclared identifier
1>c:\users\p0sixb1ackcat\desktop\changecommandlinebuffer\liketest.c(74) : error C2065: 'DriverUnload' : undeclared identifier
1>c:\users\p0sixb1ackcat\desktop\changecommandlinebuffer\liketest.c(74) : warning C4047: '=' : 'PDRIVER_UNLOAD' differs in levels of indirection from 'int'
1>warnings in directory c:\users\p0sixb1ackcat\desktop\changecommandlinebuffer
1>c:\users\p0sixb1ackcat\desktop\changecommandlinebuffer\liketest.c(74) : warning C4047: '=' : 'PDRIVER_UNLOAD' differs in levels of indirection from 'int'
1>work.c
1>c:\users\p0sixb1ackcat\desktop\changecommandlinebuffer\work.h(233) : error C2146: syntax error : missing ')' before identifier 'PRKPROCESS'
1>c:\users\p0sixb1ackcat\desktop\changecommandlinebuffer\work.h(233) : error C2146: syntax error : missing ')' before identifier 'PRKPROCESS'
1>c:\users\p0sixb1ackcat\desktop\changecommandlinebuffer\work.h(233) : error C2085: 'Process' : not in formal parameter list
1>c:\users\p0sixb1ackcat\desktop\changecommandlinebuffer\work.h(233) : error C2085: 'Process' : not in formal parameter list
1>c:\users\p0sixb1ackcat\desktop\changecommandlinebuffer\work.h(233) : error C2085: '_Out_' : not in formal parameter list
1>c:\users\p0sixb1ackcat\desktop\changecommandlinebuffer\work.h(233) : error C2085: '_Out_' : not in formal parameter list
1>c:\users\p0sixb1ackcat\desktop\changecommandlinebuffer\work.h(233) : error C2146: syntax error : missing ',' before identifier 'PRKAPC_STATE'
1>c:\users\p0sixb1ackcat\desktop\changecommandlinebuffer\work.h(233) : error C2146: syntax error : missing ',' before identifier 'PRKAPC_STATE'
1>c:\users\p0sixb1ackcat\desktop\changecommandlinebuffer\work.h(233) : error C2146: syntax error : missing ',' before identifier 'ApcState'
1>c:\users\p0sixb1ackcat\desktop\changecommandlinebuffer\work.h(233) : error C2146: syntax error : missing ',' before identifier 'ApcState'
1>c:\users\p0sixb1ackcat\desktop\changecommandlinebuffer\work.h(233) : error C2059: syntax error : ')'
1>c:\users\p0sixb1ackcat\desktop\changecommandlinebuffer\work.h(233) : error C2059: syntax error : ')'
1>c:\users\p0sixb1ackcat\desktop\changecommandlinebuffer\work.h(234) : error C2146: syntax error : missing ')' before identifier 'PRKAPC_STATE'
1>c:\users\p0sixb1ackcat\desktop\changecommandlinebuffer\work.h(234) : error C2146: syntax error : missing ')' before identifier 'PRKAPC_STATE'
1>c:\users\p0sixb1ackcat\desktop\changecommandlinebuffer\work.h(234) : error C2085: 'KeUnstackDetachProcess' : not in formal parameter list
1>c:\users\p0sixb1ackcat\desktop\changecommandlinebuffer\work.h(234) : error C2085: 'KeUnstackDetachProcess' : not in formal parameter list
1>c:\users\p0sixb1ackcat\desktop\changecommandlinebuffer\work.h(234) : error C2146: syntax error : missing ',' before identifier 'PRKAPC_STATE'
1>c:\users\p0sixb1ackcat\desktop\changecommandlinebuffer\work.h(234) : error C2146: syntax error : missing ',' before identifier 'PRKAPC_STATE'
1>c:\users\p0sixb1ackcat\desktop\changecommandlinebuffer\work.h(234) : error C2146: syntax error : missing ',' before identifier 'ApcState'
1>c:\users\p0sixb1ackcat\desktop\changecommandlinebuffer\work.h(234) : error C2146: syntax error : missing ',' before identifier 'ApcState'
1>c:\users\p0sixb1ackcat\desktop\changecommandlinebuffer\work.h(234) : error C2059: syntax error : ')'
1>c:\users\p0sixb1ackcat\desktop\changecommandlinebuffer\work.h(234) : error C2059: syntax error : ')'
1>c:\users\p0sixb1ackcat\desktop\changecommandlinebuffer\work.h(235) : error C2085: 'PsGetProcessPeb' : not in formal parameter list
1>c:\users\p0sixb1ackcat\desktop\changecommandlinebuffer\work.h(235) : error C2085: 'PsGetProcessPeb' : not in formal parameter list
1>c:\users\p0sixb1ackcat\desktop\changecommandlinebuffer\work.h(236) : error C2085: 'NtTerminateProcess' : not in formal parameter list
1>c:\users\p0sixb1ackcat\desktop\changecommandlinebuffer\work.h(236) : error C2085: 'NtTerminateProcess' : not in formal parameter list
1>c:\users\p0sixb1ackcat\desktop\changecommandlinebuffer\work.h(244) : error C2085: 'ObOpenObjectByPointer' : not in formal parameter list
1>c:\users\p0sixb1ackcat\desktop\changecommandlinebuffer\work.h(244) : error C2085: 'ObOpenObjectByPointer' : not in formal parameter list
1>c:\users\p0sixb1ackcat\desktop\changecommandlinebuffer\work.h(245) : error C2085: 'PsGetProcessImageFileName' : not in formal parameter list
1>c:\users\p0sixb1ackcat\desktop\changecommandlinebuffer\work.h(245) : error C2085: 'PsGetProcessImageFileName' : not in formal parameter list
1>c:\users\p0sixb1ackcat\desktop\changecommandlinebuffer\work.c(11) : error C2085: 'CreateProcessNotify' : not in formal parameter list
1>c:\users\p0sixb1ackcat\desktop\changecommandlinebuffer\work.c(11) : error C2085: 'CreateProcessNotify' : not in formal parameter list
1>c:\users\p0sixb1ackcat\desktop\changecommandlinebuffer\work.c(11) : error C2143: syntax error : missing ';' before '{'
1>c:\users\p0sixb1ackcat\desktop\changecommandlinebuffer\work.c(11) : error C2143: syntax error : missing ';' before '{'
1>c:\users\p0sixb1ackcat\desktop\changecommandlinebuffer\work.c(16) : error C2065: 'Create' : undeclared identifier
1>c:\users\p0sixb1ackcat\desktop\changecommandlinebuffer\work.c(16) : error C2065: 'Create' : undeclared identifier
1>c:\users\p0sixb1ackcat\desktop\changecommandlinebuffer\work.c(18) : error C2065: 'ProcessId' : undeclared identifier
1>c:\users\p0sixb1ackcat\desktop\changecommandlinebuffer\work.c(18) : error C2065: 'ProcessId' : undeclared identifier
1>c:\users\p0sixb1ackcat\desktop\changecommandlinebuffer\work.c(18) : warning C4022: 'PsLookupProcessByProcessId' : pointer mismatch for actual parameter 1
1>c:\users\p0sixb1ackcat\desktop\changecommandlinebuffer\work.c(18) : warning C4022: 'PsLookupProcessByProcessId' : pointer mismatch for actual parameter 1
1>c:\users\p0sixb1ackcat\desktop\changecommandlinebuffer\work.c(24) : error C2275: 'KAPC_STATE' : illegal use of this type as an expression
1>c:\users\p0sixb1ackcat\desktop\changecommandlinebuffer\work.c(24) : error C2275: 'KAPC_STATE' : illegal use of this type as an expression
1> c:\users\p0sixb1ackcat\desktop\changecommandlinebuffer\work.h(35) : see declaration of 'KAPC_STATE'
1>c:\users\p0sixb1ackcat\desktop\changecommandlinebuffer\work.c(24) : error C2146: syntax error : missing ';' before identifier 'ApcState'
1>c:\users\p0sixb1ackcat\desktop\changecommandlinebuffer\work.c(24) : error C2146: syntax error : missing ';' before identifier 'ApcState'
1>c:\users\p0sixb1ackcat\desktop\changecommandlinebuffer\work.c(24) : error C2065: 'ApcState' : undeclared identifier
1>c:\users\p0sixb1ackcat\desktop\changecommandlinebuffer\work.c(24) : error C2065: 'ApcState' : undeclared identifier
1>c:\users\p0sixb1ackcat\desktop\changecommandlinebuffer\work.c(24) : error C2275: 'PPEB' : illegal use of this type as an expression
1>c:\users\p0sixb1ackcat\desktop\changecommandlinebuffer\work.c(24) : error C2275: 'PPEB' : illegal use of this type as an expression
1> c:\winddk\7600.16385.1\inc\ddk\ntddk.h(76) : see declaration of 'PPEB'
1>c:\users\p0sixb1ackcat\desktop\changecommandlinebuffer\work.c(24) : error C2146: syntax error : missing ';' before identifier 'peb'
1>c:\users\p0sixb1ackcat\desktop\changecommandlinebuffer\work.c(24) : error C2146: syntax error : missing ';' before identifier 'peb'
1>c:\users\p0sixb1ackcat\desktop\changecommandlinebuffer\work.c(24) : error C2065: 'peb' : undeclared identifier
1>c:\users\p0sixb1ackcat\desktop\changecommandlinebuffer\work.c(24) : error C2065: 'peb' : undeclared identifier
1>c:\users\p0sixb1ackcat\desktop\changecommandlinebuffer\work.c(25) : error C2065: 'ApcState' : undeclared identifier
1>c:\users\p0sixb1ackcat\desktop\changecommandlinebuffer\work.c(25) : error C2065: 'ApcState' : undeclared identifier
1>c:\users\p0sixb1ackcat\desktop\changecommandlinebuffer\work.c(25) : error C2708: 'KeStackAttachProcess' : actual parameters length in bytes differs from previous call or reference
1>c:\users\p0sixb1ackcat\desktop\changecommandlinebuffer\work.c(25) : error C2708: 'KeStackAttachProcess' : actual parameters length in bytes differs from previous call or reference
1> c:\users\p0sixb1ackcat\desktop\changecommandlinebuffer\work.h(233) : see declaration of 'KeStackAttachProcess'
1>c:\users\p0sixb1ackcat\desktop\changecommandlinebuffer\work.c(26) : error C2065: 'peb' : undeclared identifier
1>c:\users\p0sixb1ackcat\desktop\changecommandlinebuffer\work.c(26) : error C2065: 'peb' : undeclared identifier
1>c:\users\p0sixb1ackcat\desktop\changecommandlinebuffer\work.c(26) : error C4013: 'PsGetProcessPeb' undefined; assuming extern returning int
1>c:\users\p0sixb1ackcat\desktop\changecommandlinebuffer\work.c(26) : error C4013: 'PsGetProcessPeb' undefined; assuming extern returning int
1>c:\users\p0sixb1ackcat\desktop\changecommandlinebuffer\work.c(29) : error C2065: 'peb' : undeclared identifier
1>c:\users\p0sixb1ackcat\desktop\changecommandlinebuffer\work.c(29) : error C2065: 'peb' : undeclared identifier
1>c:\users\p0sixb1ackcat\desktop\changecommandlinebuffer\work.c(29) : error C2223: left of '->ProcessParameters' must point to struct/union
1>c:\users\p0sixb1ackcat\desktop\changecommandlinebuffer\work.c(29) : error C2223: left of '->ProcessParameters' must point to struct/union
1>c:\users\p0sixb1ackcat\desktop\changecommandlinebuffer\work.c(29) : error C2065: 'peb' : undeclared identifier
1>c:\users\p0sixb1ackcat\desktop\changecommandlinebuffer\work.c(29) : error C2065: 'peb' : undeclared identifier
1>c:\users\p0sixb1ackcat\desktop\changecommandlinebuffer\work.c(29) : error C2223: left of '->ProcessParameters' must point to struct/union
1>c:\users\p0sixb1ackcat\desktop\changecommandlinebuffer\work.c(29) : error C2223: left of '->ProcessParameters' must point to struct/union
1>c:\users\p0sixb1ackcat\desktop\changecommandlinebuffer\work.c(32) : error C2065: 'peb' : undeclared identifier
1>c:\users\p0sixb1ackcat\desktop\changecommandlinebuffer\work.c(32) : error C2065: 'peb' : undeclared identifier
1>c:\users\p0sixb1ackcat\desktop\changecommandlinebuffer\work.c(32) : error C2223: left of '->ProcessParameters' must point to struct/union
1>c:\users\p0sixb1ackcat\desktop\changecommandlinebuffer\work.c(32) : error C2223: left of '->ProcessParameters' must point to struct/union
1>c:\users\p0sixb1ackcat\desktop\changecommandlinebuffer\work.c(34) : warning C4047: 'function' : 'wchar_t *' differs in levels of indirection from 'PWCHAR *'
1>c:\users\p0sixb1ackcat\desktop\changecommandlinebuffer\work.c(34) : warning C4047: 'function' : 'wchar_t *' differs in levels of indirection from 'PWCHAR *'
1>c:\users\p0sixb1ackcat\desktop\changecommandlinebuffer\work.c(34) : warning C4024: 'wcscat' : different types for formal and actual parameter 1
1>c:\users\p0sixb1ackcat\desktop\changecommandlinebuffer\work.c(34) : warning C4024: 'wcscat' : different types for formal and actual parameter 1
1>c:\users\p0sixb1ackcat\desktop\changecommandlinebuffer\work.c(35) : error C2275: 'UNICODE_STRING' : illegal use of this type as an expression
1>c:\users\p0sixb1ackcat\desktop\changecommandlinebuffer\work.c(35) : error C2275: 'UNICODE_STRING' : illegal use of this type as an expression
1> c:\winddk\7600.16385.1\inc\api\ntdef.h(1311) : see declaration of 'UNICODE_STRING'
1>c:\users\p0sixb1ackcat\desktop\changecommandlinebuffer\work.c(35) : error C2146: syntax error : missing ';' before identifier 'Unicode_tmp'
1>c:\users\p0sixb1ackcat\desktop\changecommandlinebuffer\work.c(35) : error C2146: syntax error : missing ';' before identifier 'Unicode_tmp'
1>c:\users\p0sixb1ackcat\desktop\changecommandlinebuffer\work.c(35) : error C2065: 'Unicode_tmp' : undeclared identifier
1>c:\users\p0sixb1ackcat\desktop\changecommandlinebuffer\work.c(35) : error C2065: 'Unicode_tmp' : undeclared identifier
1>c:\users\p0sixb1ackcat\desktop\changecommandlinebuffer\work.c(36) : error C2065: 'Unicode_tmp' : undeclared identifier
1>c:\users\p0sixb1ackcat\desktop\changecommandlinebuffer\work.c(36) : error C2065: 'Unicode_tmp' : undeclared identifier
1>c:\users\p0sixb1ackcat\desktop\changecommandlinebuffer\work.c(36) : warning C4133: 'function' : incompatible types - from 'int *' to 'PUNICODE_STRING'
1>c:\users\p0sixb1ackcat\desktop\changecommandlinebuffer\work.c(36) : warning C4133: 'function' : incompatible types - from 'int *' to 'PUNICODE_STRING'
1>c:\users\p0sixb1ackcat\desktop\changecommandlinebuffer\work.c(36) : warning C4047: 'function' : 'PCWSTR' differs in levels of indirection from 'PWCHAR *'
1>c:\users\p0sixb1ackcat\desktop\changecommandlinebuffer\work.c(36) : warning C4047: 'function' : 'PCWSTR' differs in levels of indirection from 'PWCHAR *'
1>c:\users\p0sixb1ackcat\desktop\changecommandlinebuffer\work.c(36) : warning C4024: 'RtlInitUnicodeString' : different types for formal and actual parameter 2
1>c:\users\p0sixb1ackcat\desktop\changecommandlinebuffer\work.c(36) : warning C4024: 'RtlInitUnicodeString' : different types for formal and actual parameter 2
1>c:\users\p0sixb1ackcat\desktop\changecommandlinebuffer\work.c(37) : error C2065: 'peb' : undeclared identifier
1>c:\users\p0sixb1ackcat\desktop\changecommandlinebuffer\work.c(37) : error C2065: 'peb' : undeclared identifier
1>c:\users\p0sixb1ackcat\desktop\changecommandlinebuffer\work.c(37) : error C2223: left of '->ProcessParameters' must point to struct/union
1>c:\users\p0sixb1ackcat\desktop\changecommandlinebuffer\work.c(37) : error C2223: left of '->ProcessParameters' must point to struct/union
1>c:\users\p0sixb1ackcat\desktop\changecommandlinebuffer\work.c(37) : error C2065: 'Unicode_tmp' : undeclared identifier
1>c:\users\p0sixb1ackcat\desktop\changecommandlinebuffer\work.c(37) : error C2065: 'Unicode_tmp' : undeclared identifier
1>c:\users\p0sixb1ackcat\desktop\changecommandlinebuffer\work.c(40) : error C2065: 'peb' : undeclared identifier
1>c:\users\p0sixb1ackcat\desktop\changecommandlinebuffer\work.c(40) : error C2065: 'peb' : undeclared identifier
1>c:\users\p0sixb1ackcat\desktop\changecommandlinebuffer\work.c(40) : error C2223: left of '->ProcessParameters' must point to struct/union
1>c:\users\p0sixb1ackcat\desktop\changecommandlinebuffer\work.c(40) : error C2223: left of '->ProcessParameters' must point to struct/union
1>c:\users\p0sixb1ackcat\desktop\changecommandlinebuffer\work.c(40) : error C2065: 'Unicode_tmp' : undeclared identifier
1>c:\users\p0sixb1ackcat\desktop\changecommandlinebuffer\work.c(40) : error C2065: 'Unicode_tmp' : undeclared identifier
1>c:\users\p0sixb1ackcat\desktop\changecommandlinebuffer\work.c(42) : error C2065: 'peb' : undeclared identifier
1>c:\users\p0sixb1ackcat\desktop\changecommandlinebuffer\work.c(42) : error C2065: 'peb' : undeclared identifier
1>c:\users\p0sixb1ackcat\desktop\changecommandlinebuffer\work.c(42) : error C2223: left of '->ProcessParameters' must point to struct/union
1>c:\users\p0sixb1ackcat\desktop\changecommandlinebuffer\work.c(42) : error C2223: left of '->ProcessParameters' must point to struct/union
1>c:\users\p0sixb1ackcat\desktop\changecommandlinebuffer\work.c(53) : error C4013: 'KeUnstackDetachProcess' undefined; assuming extern returning int
1>c:\users\p0sixb1ackcat\desktop\changecommandlinebuffer\work.c(53) : error C4013: 'KeUnstackDetachProcess' undefined; assuming extern returning int
1>c:\users\p0sixb1ackcat\desktop\changecommandlinebuffer\work.c(53) : error C2065: 'ApcState' : undeclared identifier
1>c:\users\p0sixb1ackcat\desktop\changecommandlinebuffer\work.c(53) : error C2065: 'ApcState' : undeclared identifier
1>c:\users\p0sixb1ackcat\desktop\changecommandlinebuffer\work.c(72) : error C2065: 'CreateProcessNotify' : undeclared identifier
1>c:\users\p0sixb1ackcat\desktop\changecommandlinebuffer\work.c(72) : error C2065: 'CreateProcessNotify' : undeclared identifier
1>c:\users\p0sixb1ackcat\desktop\changecommandlinebuffer\work.c(72) : warning C4047: 'function' : 'PCREATE_PROCESS_NOTIFY_ROUTINE' differs in levels of indirection from 'int'
1>c:\users\p0sixb1ackcat\desktop\changecommandlinebuffer\work.c(72) : warning C4047: 'function' : 'PCREATE_PROCESS_NOTIFY_ROUTINE' differs in levels of indirection from 'int'
1>c:\users\p0sixb1ackcat\desktop\changecommandlinebuffer\work.c(72) : warning C4024: 'PsSetCreateProcessNotifyRoutine' : different types for formal and actual parameter 1
1>c:\users\p0sixb1ackcat\desktop\changecommandlinebuffer\work.c(72) : warning C4024: 'PsSetCreateProcessNotifyRoutine' : different types for formal and actual parameter 1
1>c:\users\p0sixb1ackcat\desktop\changecommandlinebuffer\work.c(81) : error C2065: 'CreateProcessNotify' : undeclared identifier
1>c:\users\p0sixb1ackcat\desktop\changecommandlinebuffer\work.c(81) : error C2065: 'CreateProcessNotify' : undeclared identifier
1>c:\users\p0sixb1ackcat\desktop\changecommandlinebuffer\work.c(81) : warning C4047: 'function' : 'PCREATE_PROCESS_NOTIFY_ROUTINE' differs in levels of indirection from 'int'
1>c:\users\p0sixb1ackcat\desktop\changecommandlinebuffer\work.c(81) : warning C4047: 'function' : 'PCREATE_PROCESS_NOTIFY_ROUTINE' differs in levels of indirection from 'int'
1>c:\users\p0sixb1ackcat\desktop\changecommandlinebuffer\work.c(81) : warning C4024: 'PsSetCreateProcessNotifyRoutine' : different types for formal and actual parameter 1
1>c:\users\p0sixb1ackcat\desktop\changecommandlinebuffer\work.c(81) : warning C4024: 'PsSetCreateProcessNotifyRoutine' : different types for formal and actual parameter 1
1>Generating Code...
1> C:\WinDDK\7600.16385.1\Bin\x86\oacr\oacrlink /out:c:\users\p0sixb1ackcat\desktop\changecommandlinebuffer\objchk_win7_x86\i386\liketest.sys /machine:ix86 @c:\users\p0sixb1ackcat\desktop\changecommandlinebuffer\objchk_win7_x86\i386\lnk.rsp
1>Microsoft (R) Incremental Linker Version 9.00.30729.207
1>Copyright (C) Microsoft Corporation.  All rights reserved.
1>/MERGE:_PAGE=PAGE 
1>/MERGE:_TEXT=.text 
1>/SECTION:INIT,d 
1>/OPT:REF 
1>/OPT:ICF 
1>/IGNORE:4198,4010,4037,4039,4065,4070,4078,4087,4089,4221 
1>/INCREMENTAL:NO 
1>/release 
1>/NODEFAULTLIB 
1>/WX 
1>/debug 
1>/debugtype:cv,fixup,pdata 
1>/version:6.1 
1>/osversion:6.1 
1>/functionpadmin:5 
1>/safeseh 
1>/pdbcompress 
1>/STACK:0x40000,0x1000 
1>/driver 
1>/base:0x10000 
1>/subsystem:native,6.01 
1>/entry:GsDriverEntry@8 
1>/out:c:\users\p0sixb1ackcat\desktop\changecommandlinebuffer\objchk_win7_x86\i386\liketest.sys 
1>c:\users\p0sixb1ackcat\desktop\changecommandlinebuffer\objchk_win7_x86\i386\liketest.obj 
1>c:\users\p0sixb1ackcat\desktop\changecommandlinebuffer\objchk_win7_x86\i386\work.obj 
1>C:\WinDDK\7600.16385.1\lib\win7\i386\BufferOverflowK.lib 
1>C:\WinDDK\7600.16385.1\lib\win7\i386\ntoskrnl.lib 
1>C:\WinDDK\7600.16385.1\lib\win7\i386\hal.lib 
1>C:\WinDDK\7600.16385.1\lib\win7\i386\wmilib.lib 
1>LINK : fatal error LNK1181: cannot open input file 'c:\users\p0sixb1ackcat\desktop\changecommandlinebuffer\objchk_win7_x86\i386\liketest.obj'
1>link : error LNK1181: cannot open input file 'c:\users\p0sixb1ackcat\desktop\changecommandlinebuffer\objchk_win7_x86\i386\liketest.obj'
