Convert                            :	Verbose  : 2016/7/24 17:35:28
ConvertFile                        :	Information  : Converting "D:\Desktop\test\sources"
Parse                              :	Verbose  : File contents after preprocessing:
                                                	TARGETNAME=liketest
                                                	TARGETPATH=obj
                                                	TARGETTYPE=DRIVER
                                                	C_DEFINES=$(C_DEFINES)
                                                	SOURCES=liketest.c  	work.c 
ParseIfApplies                     :	Verbose  : "TARGETNAME=liketest" was parsed as a"MacroDefinition"
ParseIfApplies                     :	Verbose  : "TARGETPATH=obj" was parsed as a"MacroDefinition"
ParseIfApplies                     :	Verbose  : "TARGETTYPE=DRIVER" was parsed as a"MacroDefinition"
ParseIfApplies                     :	Verbose  : "C_DEFINES=$(C_DEFINES)" was parsed as a"MacroDefinition"
ParseIfApplies:	Verbose  : "SOURCES=liketest.c  	work.c " was parsed as a"MacroDefinition"
GenerateMsBuildFile:	Information  : Generated file "D:\Desktop\test\sources.props"
IsPropertyElementSetConditionally:	Verbose  : Property DriverType is set conditionally. Immediate condition ="'$(PlatformToolset)'=='WindowsApplicationForDrivers8.1'". Conditional parent element = Microsoft.Build.Construction.ProjectPropertyGroupElement
PostProcessing                   :	Verbose  : Extracted property "PlatformToolset" with a value of "WindowsKernelModeDriver8.1" from sources.
PostProcessing                   :	Verbose  : Extracted property "ConfigurationType" with a value of "Driver" from sources.
PostProcessing                   :	Verbose  : Extracted property "DriverType" with a value of "WDM" from sources.
PostProcessing                   :	Verbose  : Extracted property "TARGETNAME" with a value of "liketest" from sources.
PostProcessing                   :	Verbose  : VcxProj file copied to "liketest.vcxproj"
PostProcessing                   :	Verbose  : Added Project GUID: {BC8159FA-BADC-4F10-A460-3CCA4A1E6B46}
PostProcessing                   :	Information  : Generated Project File liketest.vcxproj
AddIDESupport                    :	Verbose  : Attempting to add propery page support for converted targets and macros in project D:\Desktop\test\liketest.vcxproj
CheckForWellKnownTargets         :	Verbose  : Attempting to find and convert nmake targets to well-known MSBuild items, as appropriate.
CheckForWellKnownTargetMacros:	Verbose  : Attempting to find and convert nmake target macros to well-known MSBuild items, as appropriate.
AddIDESupport                :	Verbose  : Finished adding propery page support for converted targets and macros, changes saved to D:\Desktop\test\liketest.vcxproj
AddOverrideConditionsToProperies:	Verbose  : Appended override conditions to properties in file 'D:\Desktop\test\sources.props' and its imports
GetDependencyInformation        :	Information  : Checking for external project dependencies
GetDependencyInformation        :	Verbose  : Processing the following list of primary projects
                                             	D:\Desktop\test\liketest.vcxproj
AddPrerequisitesToSolution      :	Verbose  : Finding prerequisites for D:\Desktop\test\liketest.vcxproj
GetPrerequisiteProjects         :	Verbose  : Scanning for prerequisites for project D:\Desktop\test\liketest.vcxproj
EvaluateProject                 :	Verbose  : $(O) set to a6871353-8906-4903-a244-86fa9c9337f6
ExtractIncludesFromItem         :	Verbose  : Extracting include elements from all items of type ClCompile
ExtractIncludesFromItem         :	Verbose  : Extracting include elements from all items of type MessageCompile
ExtractIncludesFromItem         :	Verbose  : Didn't find any items of type MessageCompile in project D:\Desktop\test\liketest.vcxproj
ExtractIncludesFromItem         :	Verbose  : Extracting include elements from all items of type Midl
ExtractIncludesFromItem   :	Verbose  : Didn't find any items of type Midl in project D:\Desktop\test\liketest.vcxproj
ExtractIncludesFromItem   :	Verbose  : Extracting include elements from all items of type ResourceCompile
ExtractIncludesFromItem   :	Verbose  : Didn't find any items of type ResourceCompile in project D:\Desktop\test\liketest.vcxproj
ExtractIncludesFromItemMetadata:	Verbose  : Extracting include elements from metadata AdditionalDependencies on item type Link, using splitter ;
ExtractIncludesFromItemMetadata:	Verbose  : Extracting include elements from metadata AdditionalIncludeDirectories on item type ClCompile, using splitter ;
FindPreReqProjectsInReferences :	Verbose  : Ignoring following path since it references the project's own $(O) D:\Desktop\test\a6871353-8906-4903-a244-86fa9c9337f6
GetPrerequisiteProjects        :	Verbose  : No prerequisite projects found for project D:\Desktop\test\liketest.vcxproj
AddPrerequisitesToSolution     :	Verbose  : Project D:\Desktop\test\liketest.vcxproj had no prerequisites, adding to solution
GetDependencyInformation       :	Information  : The primary project collection does not contain any projects that depend on others.
CreateSolutionIncludingDependencies:	Verbose  : Attempting to generate solution file D:\Desktop\test\liketest.sln from projects list
CreatePackage                      :	Verbose  : Checking if any of the following projects should be packaged
                                                	 D:\Desktop\test\liketest.vcxproj
CreatePackage                      :	Verbose  : Project liketest.vcxproj will be packaged because it is a driver project
CreatePackage                      :	Verbose  : Generating package project
CreatePackage                      :	Verbose  : Adding reference to project ..\liketest.vcxproj with project guid {BC8159FA-BADC-4F10-A460-3CCA4A1E6B46}
CreatePackage                      :	Verbose  : Setting package project DebuggerFlavor to: DbgengKernelDebugger
CreatePackage                      :	Information  : Generated Package Project file 'D:\Desktop\test\liketest-Package\liketest-Package.vcxproj'
InitializeProjectsForSolution      :	Information  : Generating solution D:\Desktop\test\liketest.sln from:
                                                    	    D:\Desktop\test\liketest-Package\liketest-Package.vcxproj
                                                    	    D:\Desktop\test\liketest.vcxproj
ExtractProjectGuid                 :	Verbose  :  GUID {48136740-A699-46FE-B657-67A6D1569610} was extracted from project D:\Desktop\test\liketest-Package\liketest-Package.vcxproj
ExtractProjectGuid                 :	Verbose  :  GUID {BC8159FA-BADC-4F10-A460-3CCA4A1E6B46} was extracted from project D:\Desktop\test\liketest.vcxproj
InitializeProjectsForSolution:	Verbose  : Project D:\Desktop\test\liketest-Package\liketest-Package.vcxproj does not depend on others
InitializeProjectsForSolution:	Verbose  : Project D:\Desktop\test\liketest.vcxproj does not depend on others
WriteProjectEntries          :	Verbose  : Added project liketest-Package to solution with a GUID of {48136740-A699-46FE-B657-67A6D1569610}
WriteProjectEntries          :	Verbose  : Added project liketest to solution with a GUID of {BC8159FA-BADC-4F10-A460-3CCA4A1E6B46}
WriteProjectConfigurations   :	Verbose  : Writing project configurations for D:\Desktop\test\liketest-Package\liketest-Package.vcxproj
WriteProjectConfigurations   :	Verbose  : Writing project configurations for D:\Desktop\test\liketest.vcxproj
CreateSolutionIncludingDependencies:	Information  : Solution D:\Desktop\test\liketest.sln was created successfully
Convert                            :	Information  : ========== Project Conversion Finished: 1 Solution created with 2 Projects ==========
Convert                            :	Verbose  : 2016/7/24 17:35:28
